<?xml version="1.0" encoding="utf-8"?>
<TestRun id="ea479c5d-8ab1-40e0-9b48-fe7d5addc8f2" name="jensh@LAPTOP-TC29OD6T 2024-11-25 03:18:41" runUser="LAPTOP-TC29OD6T\jensh" xmlns="http://microsoft.com/schemas/VisualStudio/TeamTest/2010">
  <Times creation="2024-11-25T03:18:41.3463600+01:00" queuing="2024-11-25T03:18:41.3463604+01:00" start="2024-11-25T03:18:39.2954541+01:00" finish="2024-11-25T03:18:41.8338541+01:00" />
  <TestSettings name="default" id="ab438103-1ad6-4ea6-9b21-10584f575a06">
    <Deployment runDeploymentRoot="jensh_LAPTOP-TC29OD6T_2024-11-25_03_18_41" />
  </TestSettings>
  <Results>
    <UnitTestResult executionId="9b0fe314-0236-487b-9b27-56907233e2c4" testId="d056d61a-231b-5edf-ad22-46c9676aa534" testName="KartverketGruppe5.Tests.Services.InnmeldingServiceTests.GetInnmeldingById_ExistingId_ReturnsInnmelding" computerName="LAPTOP-TC29OD6T" duration="00:00:00.0233506" startTime="2024-11-25T03:18:41.6487826+01:00" endTime="2024-11-25T03:18:41.6487828+01:00" testType="13cdc9d9-ddb5-4fa4-a97d-d965ccfc6d4b" outcome="Passed" testListId="8c84fa94-04c1-424b-9868-57a2d4851a1d" relativeResultsDirectory="9b0fe314-0236-487b-9b27-56907233e2c4" />
    <UnitTestResult executionId="afc71a8e-973b-4f27-bd06-26e792aa62a1" testId="7a9c57d4-cb69-2049-4309-8cb68c875449" testName="KartverketGruppe5.Tests.Services.InnmeldingServiceTests.UpdateBilde_ValidData_UpdatesSuccessfully" computerName="LAPTOP-TC29OD6T" duration="00:00:00.0181063" startTime="2024-11-25T03:18:41.6755601+01:00" endTime="2024-11-25T03:18:41.6755606+01:00" testType="13cdc9d9-ddb5-4fa4-a97d-d965ccfc6d4b" outcome="Passed" testListId="8c84fa94-04c1-424b-9868-57a2d4851a1d" relativeResultsDirectory="afc71a8e-973b-4f27-bd06-26e792aa62a1" />
    <UnitTestResult executionId="7c6212f7-6ba0-4b2e-b3f1-8f2c7ee2fa02" testId="7d56214d-3bc5-474b-7341-6442d14c4108" testName="KartverketGruppe5.Tests.Services.KommunePopulateServiceTests.PopulateFylkerOgKommuner_WithNewKommune_UpdatesDatabase" computerName="LAPTOP-TC29OD6T" duration="00:00:00.5852821" startTime="2024-11-25T03:18:41.6782591+01:00" endTime="2024-11-25T03:18:41.6782597+01:00" testType="13cdc9d9-ddb5-4fa4-a97d-d965ccfc6d4b" outcome="Passed" testListId="8c84fa94-04c1-424b-9868-57a2d4851a1d" relativeResultsDirectory="7c6212f7-6ba0-4b2e-b3f1-8f2c7ee2fa02" />
    <UnitTestResult executionId="73fe300a-1c77-4641-9a36-9ade7e85d063" testId="eb6e78a1-92b7-7d24-bbe2-15fb4c438ff6" testName="KartverketGruppe5.Tests.Controllers.MapChangeControllerTests.Index_WithoutBrukerId_RedirectsToLogin" computerName="LAPTOP-TC29OD6T" duration="00:00:00.0009170" startTime="2024-11-25T03:18:41.6086782+01:00" endTime="2024-11-25T03:18:41.6086786+01:00" testType="13cdc9d9-ddb5-4fa4-a97d-d965ccfc6d4b" outcome="Passed" testListId="8c84fa94-04c1-424b-9868-57a2d4851a1d" relativeResultsDirectory="73fe300a-1c77-4641-9a36-9ade7e85d063" />
    <UnitTestResult executionId="98ee5b26-0a50-4dc0-a5f7-628cb3230341" testId="3ac8534f-9ded-5434-1334-e47429762f90" testName="KartverketGruppe5.Tests.Services.LokasjonServiceTests.UpdateLokasjon_ValidData_UpdatesSuccessfully" computerName="LAPTOP-TC29OD6T" duration="00:00:00.0354069" startTime="2024-11-25T03:18:41.5550270+01:00" endTime="2024-11-25T03:18:41.5550279+01:00" testType="13cdc9d9-ddb5-4fa4-a97d-d965ccfc6d4b" outcome="Passed" testListId="8c84fa94-04c1-424b-9868-57a2d4851a1d" relativeResultsDirectory="98ee5b26-0a50-4dc0-a5f7-628cb3230341" />
    <UnitTestResult executionId="acd085fa-d4db-4ada-ba08-9dcf1e56986e" testId="6497b001-3621-1b71-b153-6c81900c5ee2" testName="KartverketGruppe5.Tests.Controllers.SaksbehandlingControllerTests.Videresend_Success_RedirectsToIndex" computerName="LAPTOP-TC29OD6T" duration="00:00:00.3671076" startTime="2024-11-25T03:18:41.4600337+01:00" endTime="2024-11-25T03:18:41.4600343+01:00" testType="13cdc9d9-ddb5-4fa4-a97d-d965ccfc6d4b" outcome="Passed" testListId="8c84fa94-04c1-424b-9868-57a2d4851a1d" relativeResultsDirectory="acd085fa-d4db-4ada-ba08-9dcf1e56986e" />
    <UnitTestResult executionId="0fd1654c-1e84-4cc8-b6ea-34a0277d3998" testId="afd0a38b-fafd-0517-1a29-18d1b7b8a4c1" testName="KartverketGruppe5.Tests.Services.KommunePopulateServiceTests.GetFylkesnavnFromKommunenummer_ValidKommunenummer_ReturnsFylkesnavn(kommunenummer: &quot;4203&quot;, expectedFylke: &quot;Agder&quot;)" computerName="LAPTOP-TC29OD6T" duration="00:00:00.0004966" startTime="2024-11-25T03:18:41.6788685+01:00" endTime="2024-11-25T03:18:41.6788690+01:00" testType="13cdc9d9-ddb5-4fa4-a97d-d965ccfc6d4b" outcome="Passed" testListId="8c84fa94-04c1-424b-9868-57a2d4851a1d" relativeResultsDirectory="0fd1654c-1e84-4cc8-b6ea-34a0277d3998" />
    <UnitTestResult executionId="48be49ca-b05d-4ca2-8467-adaef7d59c1b" testId="e5504c7a-0522-8fbf-439f-fed9e822716a" testName="KartverketGruppe5.Tests.UnitTest1.Test1" computerName="LAPTOP-TC29OD6T" duration="00:00:00.0006602" startTime="2024-11-25T03:18:41.6176866+01:00" endTime="2024-11-25T03:18:41.6176875+01:00" testType="13cdc9d9-ddb5-4fa4-a97d-d965ccfc6d4b" outcome="Passed" testListId="8c84fa94-04c1-424b-9868-57a2d4851a1d" relativeResultsDirectory="48be49ca-b05d-4ca2-8467-adaef7d59c1b" />
    <UnitTestResult executionId="9b69c59e-d562-4f4b-975e-d6d262a23d32" testId="adaa0298-b3a9-780a-bd39-3a2d99756809" testName="KartverketGruppe5.Tests.Controllers.MineSakerControllerTests.Index_WithSaksbehandlerId_ReturnsViewWithData" computerName="LAPTOP-TC29OD6T" duration="00:00:00.5279462" startTime="2024-11-25T03:18:41.6851838+01:00" endTime="2024-11-25T03:18:41.6851844+01:00" testType="13cdc9d9-ddb5-4fa4-a97d-d965ccfc6d4b" outcome="Passed" testListId="8c84fa94-04c1-424b-9868-57a2d4851a1d" relativeResultsDirectory="9b69c59e-d562-4f4b-975e-d6d262a23d32" />
    <UnitTestResult executionId="8834d69f-2caa-40cf-b83d-b204125e6eb9" testId="d247e63f-6052-3ad6-ac98-83b6b682d20b" testName="KartverketGruppe5.Tests.Controllers.AdminControllerTests.Index_WhenExceptionOccurs_RedirectsToHomeWithError" computerName="LAPTOP-TC29OD6T" duration="00:00:00.0803236" startTime="2024-11-25T03:18:41.5586962+01:00" endTime="2024-11-25T03:18:41.5586964+01:00" testType="13cdc9d9-ddb5-4fa4-a97d-d965ccfc6d4b" outcome="Passed" testListId="8c84fa94-04c1-424b-9868-57a2d4851a1d" relativeResultsDirectory="8834d69f-2caa-40cf-b83d-b204125e6eb9" />
    <UnitTestResult executionId="7b19e02f-147b-462b-817f-e4c6f564406f" testId="89e4159e-d909-7bf0-7751-1ee8b2dd6fe4" testName="KartverketGruppe5.Tests.Controllers.MinProfilControllerTests.OppdaterBruker_WithInvalidModel_ReturnsView" computerName="LAPTOP-TC29OD6T" duration="00:00:00.0466349" startTime="2024-11-25T03:18:41.5627935+01:00" endTime="2024-11-25T03:18:41.5627937+01:00" testType="13cdc9d9-ddb5-4fa4-a97d-d965ccfc6d4b" outcome="Passed" testListId="8c84fa94-04c1-424b-9868-57a2d4851a1d" relativeResultsDirectory="7b19e02f-147b-462b-817f-e4c6f564406f" />
    <UnitTestResult executionId="df0d80f5-8597-452c-87e3-e42bbdeaf34e" testId="d8a8280c-5f0c-553e-199b-819567a287ad" testName="KartverketGruppe5.Tests.Services.KommunePopulateServiceTests.PopulateFylkerOgKommuner_NoChangesNeeded_ReturnsCorrectMessage" computerName="LAPTOP-TC29OD6T" duration="00:00:00.0068173" startTime="2024-11-25T03:18:41.6873989+01:00" endTime="2024-11-25T03:18:41.6873990+01:00" testType="13cdc9d9-ddb5-4fa4-a97d-d965ccfc6d4b" outcome="Passed" testListId="8c84fa94-04c1-424b-9868-57a2d4851a1d" relativeResultsDirectory="df0d80f5-8597-452c-87e3-e42bbdeaf34e" />
    <UnitTestResult executionId="f5ed3bc5-1f5d-41d0-85e2-9980195c80b1" testId="b25f4502-04ba-3b74-827c-85863284ba33" testName="KartverketGruppe5.Tests.Services.FylkeServiceTests.Constructor_NullLogger_ThrowsArgumentNullException" computerName="LAPTOP-TC29OD6T" duration="00:00:00.0011892" startTime="2024-11-25T03:18:41.6486405+01:00" endTime="2024-11-25T03:18:41.6486408+01:00" testType="13cdc9d9-ddb5-4fa4-a97d-d965ccfc6d4b" outcome="Passed" testListId="8c84fa94-04c1-424b-9868-57a2d4851a1d" relativeResultsDirectory="f5ed3bc5-1f5d-41d0-85e2-9980195c80b1" />
    <UnitTestResult executionId="2ef1386e-658f-486d-b6bf-67bbef1180a7" testId="5c54d527-3ffb-7df4-e68a-c5f95907903f" testName="KartverketGruppe5.Tests.Controllers.MapChangeControllerTests.Index_Post_ValidModel_RedirectsToMineInnmeldinger" computerName="LAPTOP-TC29OD6T" duration="00:00:00.0072400" startTime="2024-11-25T03:18:41.6166898+01:00" endTime="2024-11-25T03:18:41.6166900+01:00" testType="13cdc9d9-ddb5-4fa4-a97d-d965ccfc6d4b" outcome="Passed" testListId="8c84fa94-04c1-424b-9868-57a2d4851a1d" relativeResultsDirectory="2ef1386e-658f-486d-b6bf-67bbef1180a7" />
    <UnitTestResult executionId="a01ca5f4-5730-4545-8ef3-f5a2da695e54" testId="482f475f-51bb-de14-4abd-ff72bca3fda9" testName="KartverketGruppe5.Tests.Services.InnmeldingServiceTests.CreateInnmelding_ValidData_ReturnsId" computerName="LAPTOP-TC29OD6T" duration="00:00:00.0048575" startTime="2024-11-25T03:18:41.6572414+01:00" endTime="2024-11-25T03:18:41.6572418+01:00" testType="13cdc9d9-ddb5-4fa4-a97d-d965ccfc6d4b" outcome="Passed" testListId="8c84fa94-04c1-424b-9868-57a2d4851a1d" relativeResultsDirectory="a01ca5f4-5730-4545-8ef3-f5a2da695e54" />
    <UnitTestResult executionId="e6c92dfd-7b47-4d7a-8f31-2b731f6e7144" testId="656b8f45-dcf6-c23f-b3d2-f964a4257925" testName="KartverketGruppe5.Tests.Controllers.LoginControllerTests.Logout_ClearsSessionAndRedirectsToHome" computerName="LAPTOP-TC29OD6T" duration="00:00:00.0042952" startTime="2024-11-25T03:18:41.5937429+01:00" endTime="2024-11-25T03:18:41.5937431+01:00" testType="13cdc9d9-ddb5-4fa4-a97d-d965ccfc6d4b" outcome="Passed" testListId="8c84fa94-04c1-424b-9868-57a2d4851a1d" relativeResultsDirectory="e6c92dfd-7b47-4d7a-8f31-2b731f6e7144" />
    <UnitTestResult executionId="0580ada8-1959-4abe-8d07-8df96d732c0e" testId="82aad793-9770-3aef-3a3a-4043928a3f65" testName="KartverketGruppe5.Tests.Services.KommuneServiceTests.SearchKommuner_WithValidSearchTerm_ReturnsMatchingKommuner" computerName="LAPTOP-TC29OD6T" duration="00:00:00.0268623" startTime="2024-11-25T03:18:41.6838789+01:00" endTime="2024-11-25T03:18:41.6838801+01:00" testType="13cdc9d9-ddb5-4fa4-a97d-d965ccfc6d4b" outcome="Passed" testListId="8c84fa94-04c1-424b-9868-57a2d4851a1d" relativeResultsDirectory="0580ada8-1959-4abe-8d07-8df96d732c0e" />
    <UnitTestResult executionId="e2321907-4718-41b2-bbd1-90273c6f24ee" testId="5484e689-994e-15b4-7970-7218337a5961" testName="KartverketGruppe5.Tests.Services.SaksbehandlerServiceTests.GetSaksbehandlerById_ExistingId_ReturnsSaksbehandler" computerName="LAPTOP-TC29OD6T" duration="00:00:00.0086504" startTime="2024-11-25T03:18:41.6601724+01:00" endTime="2024-11-25T03:18:41.6601733+01:00" testType="13cdc9d9-ddb5-4fa4-a97d-d965ccfc6d4b" outcome="Passed" testListId="8c84fa94-04c1-424b-9868-57a2d4851a1d" relativeResultsDirectory="e2321907-4718-41b2-bbd1-90273c6f24ee" />
    <UnitTestResult executionId="6219311b-92d2-4862-92f6-8ce7f7adf428" testId="10d52369-536b-7e8f-9321-47c4091043b5" testName="KartverketGruppe5.Tests.Controllers.AdminControllerTests.Index_ReturnsViewWithPagedResult" computerName="LAPTOP-TC29OD6T" duration="00:00:00.0125787" startTime="2024-11-25T03:18:41.5714404+01:00" endTime="2024-11-25T03:18:41.5714412+01:00" testType="13cdc9d9-ddb5-4fa4-a97d-d965ccfc6d4b" outcome="Passed" testListId="8c84fa94-04c1-424b-9868-57a2d4851a1d" relativeResultsDirectory="6219311b-92d2-4862-92f6-8ce7f7adf428" />
    <UnitTestResult executionId="37fd8d3f-233e-4bbc-9284-b38051f1bc13" testId="b7329a2d-0460-6e53-c7cb-08ef88aa0eb4" testName="KartverketGruppe5.Tests.Services.FylkeServiceTests.GetAllFylker_ReturnsListOfFylker" computerName="LAPTOP-TC29OD6T" duration="00:00:00.0045897" startTime="2024-11-25T03:18:41.6564898+01:00" endTime="2024-11-25T03:18:41.6564904+01:00" testType="13cdc9d9-ddb5-4fa4-a97d-d965ccfc6d4b" outcome="Passed" testListId="8c84fa94-04c1-424b-9868-57a2d4851a1d" relativeResultsDirectory="37fd8d3f-233e-4bbc-9284-b38051f1bc13" />
    <UnitTestResult executionId="a2b6e619-0551-45ac-9835-0c6fa5b31ef2" testId="a52725e8-fc35-f650-b845-1e985b3e41bc" testName="KartverketGruppe5.Tests.Services.BrukerServiceTests.UpdateBruker_ExistingUser_ReturnsTrue" computerName="LAPTOP-TC29OD6T" duration="00:00:00.0079532" startTime="2024-11-25T03:18:41.6769244+01:00" endTime="2024-11-25T03:18:41.6769252+01:00" testType="13cdc9d9-ddb5-4fa4-a97d-d965ccfc6d4b" outcome="Passed" testListId="8c84fa94-04c1-424b-9868-57a2d4851a1d" relativeResultsDirectory="a2b6e619-0551-45ac-9835-0c6fa5b31ef2" />
    <UnitTestResult executionId="910900d6-076a-41fd-b131-778dac14f379" testId="c2148a83-0117-1636-7872-480ada37be04" testName="KartverketGruppe5.Tests.Services.LokasjonServiceTests.AddLokasjon_InvalidCoordinates_ThrowsArgumentOutOfRangeException(latitude: -91, longitude: 0)" computerName="LAPTOP-TC29OD6T" duration="00:00:00.0095549" startTime="2024-11-25T03:18:41.5649067+01:00" endTime="2024-11-25T03:18:41.5649082+01:00" testType="13cdc9d9-ddb5-4fa4-a97d-d965ccfc6d4b" outcome="Passed" testListId="8c84fa94-04c1-424b-9868-57a2d4851a1d" relativeResultsDirectory="910900d6-076a-41fd-b131-778dac14f379" />
    <UnitTestResult executionId="a29b3a3a-b7f0-4e9a-9e58-179823d60c43" testId="394a667d-11d9-b27a-846c-c0d011b0da0a" testName="KartverketGruppe5.Tests.Controllers.SaksbehandlingControllerTests.Detaljer_WithValidId_ReturnsViewWithData" computerName="LAPTOP-TC29OD6T" duration="00:00:00.2134109" startTime="2024-11-25T03:18:41.7044976+01:00" endTime="2024-11-25T03:18:41.7044977+01:00" testType="13cdc9d9-ddb5-4fa4-a97d-d965ccfc6d4b" outcome="Passed" testListId="8c84fa94-04c1-424b-9868-57a2d4851a1d" relativeResultsDirectory="a29b3a3a-b7f0-4e9a-9e58-179823d60c43" />
    <UnitTestResult executionId="86f4081d-4638-4811-969c-9a8c9519401e" testId="70c3bcb8-e5e1-1b04-1f81-c7a1434a800a" testName="KartverketGruppe5.Tests.Services.SaksbehandlerServiceTests.CreateSaksbehandler_ValidData_ReturnsTrue" computerName="LAPTOP-TC29OD6T" duration="00:00:00.0056965" startTime="2024-11-25T03:18:41.6697126+01:00" endTime="2024-11-25T03:18:41.6697130+01:00" testType="13cdc9d9-ddb5-4fa4-a97d-d965ccfc6d4b" outcome="Passed" testListId="8c84fa94-04c1-424b-9868-57a2d4851a1d" relativeResultsDirectory="86f4081d-4638-4811-969c-9a8c9519401e" />
    <UnitTestResult executionId="4eec08dd-83a5-4d6b-9ff9-8669f8eb9c68" testId="dcaed79a-5e6b-6dd5-a76d-42679f1073f6" testName="KartverketGruppe5.Tests.Services.BrukerServiceTests.CreateBruker_NewEmail_ReturnsTrue" computerName="LAPTOP-TC29OD6T" duration="00:00:00.0068518" startTime="2024-11-25T03:18:41.6686596+01:00" endTime="2024-11-25T03:18:41.6686597+01:00" testType="13cdc9d9-ddb5-4fa4-a97d-d965ccfc6d4b" outcome="Passed" testListId="8c84fa94-04c1-424b-9868-57a2d4851a1d" relativeResultsDirectory="4eec08dd-83a5-4d6b-9ff9-8669f8eb9c68" />
    <UnitTestResult executionId="b8753f93-405b-42b7-a949-9ccfdd5dbb50" testId="5e61d7ff-4cd9-6552-108e-e9cfc7a23a28" testName="KartverketGruppe5.Tests.Services.KommuneServiceTests.GetAllKommuner_ReturnsListOfKommuner" computerName="LAPTOP-TC29OD6T" duration="00:00:00.0030315" startTime="2024-11-25T03:18:41.6995947+01:00" endTime="2024-11-25T03:18:41.6995950+01:00" testType="13cdc9d9-ddb5-4fa4-a97d-d965ccfc6d4b" outcome="Passed" testListId="8c84fa94-04c1-424b-9868-57a2d4851a1d" relativeResultsDirectory="b8753f93-405b-42b7-a949-9ccfdd5dbb50" />
    <UnitTestResult executionId="a68206cb-37cf-4e54-a5f4-549badf3f947" testId="5cb60a53-5f65-3f51-9db1-d141f14573a8" testName="KartverketGruppe5.Tests.Services.PasswordServiceTests.HashPassword_DifferentPasswords_ReturnsDifferentHashes" computerName="LAPTOP-TC29OD6T" duration="00:00:00.0007147" startTime="2024-11-25T03:18:41.2428394+01:00" endTime="2024-11-25T03:18:41.2428397+01:00" testType="13cdc9d9-ddb5-4fa4-a97d-d965ccfc6d4b" outcome="Passed" testListId="8c84fa94-04c1-424b-9868-57a2d4851a1d" relativeResultsDirectory="a68206cb-37cf-4e54-a5f4-549badf3f947" />
    <UnitTestResult executionId="d6f90ad7-69ce-4e5e-bd96-870bc57c98ce" testId="f016316d-083e-4290-dc45-323b39db966a" testName="KartverketGruppe5.Tests.Services.NotificationServiceTests.AddErrorMessage_ValidMessage_StoresInTempData" computerName="LAPTOP-TC29OD6T" duration="00:00:00.1172312" startTime="2024-11-25T03:18:41.5736650+01:00" endTime="2024-11-25T03:18:41.5736654+01:00" testType="13cdc9d9-ddb5-4fa4-a97d-d965ccfc6d4b" outcome="Passed" testListId="8c84fa94-04c1-424b-9868-57a2d4851a1d" relativeResultsDirectory="d6f90ad7-69ce-4e5e-bd96-870bc57c98ce" />
    <UnitTestResult executionId="00945a19-046b-47a9-8ecc-6bade5ea5e92" testId="79929a6a-1d8b-61de-6b5c-c0869902902a" testName="KartverketGruppe5.Tests.Controllers.MineInnmeldingerControllerTests.Index_WithoutBrukerId_RedirectsToLogin" computerName="LAPTOP-TC29OD6T" duration="00:00:00.0017501" startTime="2024-11-25T03:18:41.6891976+01:00" endTime="2024-11-25T03:18:41.6891980+01:00" testType="13cdc9d9-ddb5-4fa4-a97d-d965ccfc6d4b" outcome="Passed" testListId="8c84fa94-04c1-424b-9868-57a2d4851a1d" relativeResultsDirectory="00945a19-046b-47a9-8ecc-6bade5ea5e92" />
    <UnitTestResult executionId="c333debd-f287-4489-ad0d-40a79e11dfc9" testId="1522e5c0-9e6d-bdd8-ee74-2c9a776c78a2" testName="KartverketGruppe5.Tests.Services.LokasjonServiceTests.AddLokasjon_InvalidCoordinates_ThrowsArgumentOutOfRangeException(latitude: 0, longitude: -181)" computerName="LAPTOP-TC29OD6T" duration="00:00:00.0005934" startTime="2024-11-25T03:18:41.5667558+01:00" endTime="2024-11-25T03:18:41.5667567+01:00" testType="13cdc9d9-ddb5-4fa4-a97d-d965ccfc6d4b" outcome="Passed" testListId="8c84fa94-04c1-424b-9868-57a2d4851a1d" relativeResultsDirectory="c333debd-f287-4489-ad0d-40a79e11dfc9" />
    <UnitTestResult executionId="cb771242-5de9-49d9-9dfe-787cb407d9eb" testId="7b150fa9-1e53-cd9a-b2c9-c64c7672a1f5" testName="KartverketGruppe5.Tests.Services.FylkeServiceTests.GetAllFylker_RepositoryThrowsException_LogsAndRethrows" computerName="LAPTOP-TC29OD6T" duration="00:00:00.0039008" startTime="2024-11-25T03:18:41.6517566+01:00" endTime="2024-11-25T03:18:41.6517570+01:00" testType="13cdc9d9-ddb5-4fa4-a97d-d965ccfc6d4b" outcome="Passed" testListId="8c84fa94-04c1-424b-9868-57a2d4851a1d" relativeResultsDirectory="cb771242-5de9-49d9-9dfe-787cb407d9eb" />
    <UnitTestResult executionId="251b4828-adfe-4402-bf9c-c4d71e6a366f" testId="d77ec392-74f0-5941-1ec8-074269fe8fe4" testName="KartverketGruppe5.Tests.Controllers.MinProfilControllerTests.SlettBruker_Success_RedirectsToLogin" computerName="LAPTOP-TC29OD6T" duration="00:00:00.0029204" startTime="2024-11-25T03:18:41.5160458+01:00" endTime="2024-11-25T03:18:41.5160461+01:00" testType="13cdc9d9-ddb5-4fa4-a97d-d965ccfc6d4b" outcome="Passed" testListId="8c84fa94-04c1-424b-9868-57a2d4851a1d" relativeResultsDirectory="251b4828-adfe-4402-bf9c-c4d71e6a366f" />
    <UnitTestResult executionId="6492c610-2490-4027-bcce-395b56995820" testId="ba3390b2-5b87-2141-04a3-f3ffc2e3e498" testName="KartverketGruppe5.Tests.Controllers.AdminControllerTests.Register_Post_ValidModel_RedirectsToIndex" computerName="LAPTOP-TC29OD6T" duration="00:00:00.3851628" startTime="2024-11-25T03:18:41.4780197+01:00" endTime="2024-11-25T03:18:41.4780202+01:00" testType="13cdc9d9-ddb5-4fa4-a97d-d965ccfc6d4b" outcome="Passed" testListId="8c84fa94-04c1-424b-9868-57a2d4851a1d" relativeResultsDirectory="6492c610-2490-4027-bcce-395b56995820" />
    <UnitTestResult executionId="f8dbdc77-14e9-49ac-b277-cfea7e7785a1" testId="21c637b2-2914-eed1-501c-5acd776d709f" testName="KartverketGruppe5.Tests.Services.LokasjonServiceTests.AddLokasjon_ValidData_ReturnsId" computerName="LAPTOP-TC29OD6T" duration="00:00:00.4264874" startTime="2024-11-25T03:18:41.5194447+01:00" endTime="2024-11-25T03:18:41.5194452+01:00" testType="13cdc9d9-ddb5-4fa4-a97d-d965ccfc6d4b" outcome="Passed" testListId="8c84fa94-04c1-424b-9868-57a2d4851a1d" relativeResultsDirectory="f8dbdc77-14e9-49ac-b277-cfea7e7785a1" />
    <UnitTestResult executionId="92729a30-324b-461a-aa67-36f0bab546b5" testId="78ba2681-7c01-7cf9-4e0a-4e47c8649fc0" testName="KartverketGruppe5.Tests.Controllers.MineSakerControllerTests.FullforBehandling_Success_RedirectsToIndex" computerName="LAPTOP-TC29OD6T" duration="00:00:00.0049341" startTime="2024-11-25T03:18:41.6903595+01:00" endTime="2024-11-25T03:18:41.6903601+01:00" testType="13cdc9d9-ddb5-4fa4-a97d-d965ccfc6d4b" outcome="Passed" testListId="8c84fa94-04c1-424b-9868-57a2d4851a1d" relativeResultsDirectory="92729a30-324b-461a-aa67-36f0bab546b5" />
    <UnitTestResult executionId="162f73a9-24fe-453d-8471-1c89bcc6dbf8" testId="aad4e63f-f12c-8b1d-646b-1413b6cd25e9" testName="KartverketGruppe5.Tests.Services.KommuneServiceTests.GetKommuneById_NonExistingId_ReturnsNull" computerName="LAPTOP-TC29OD6T" duration="00:00:00.0025712" startTime="2024-11-25T03:18:41.6964303+01:00" endTime="2024-11-25T03:18:41.6964307+01:00" testType="13cdc9d9-ddb5-4fa4-a97d-d965ccfc6d4b" outcome="Passed" testListId="8c84fa94-04c1-424b-9868-57a2d4851a1d" relativeResultsDirectory="162f73a9-24fe-453d-8471-1c89bcc6dbf8" />
    <UnitTestResult executionId="aebf7284-4a3a-4a6b-81c3-bc66257340e7" testId="5cc19828-8964-642c-0e99-9ef2a2f9ca98" testName="KartverketGruppe5.Tests.Controllers.MineInnmeldingerControllerTests.SlettInnmelding_Success_RedirectsToIndex" computerName="LAPTOP-TC29OD6T" duration="00:00:00.0022604" startTime="2024-11-25T03:18:41.6918027+01:00" endTime="2024-11-25T03:18:41.6918030+01:00" testType="13cdc9d9-ddb5-4fa4-a97d-d965ccfc6d4b" outcome="Passed" testListId="8c84fa94-04c1-424b-9868-57a2d4851a1d" relativeResultsDirectory="aebf7284-4a3a-4a6b-81c3-bc66257340e7" />
    <UnitTestResult executionId="ff48cfdc-8d59-40e9-8fb0-70fb488a0445" testId="87029dcd-e96e-6217-2c16-3c163e56d8bd" testName="KartverketGruppe5.Tests.Services.BrukerServiceTests.VerifyPassword_ValidPassword_ReturnsTrue" computerName="LAPTOP-TC29OD6T" duration="00:00:00.0012868" startTime="2024-11-25T03:18:41.6616467+01:00" endTime="2024-11-25T03:18:41.6616470+01:00" testType="13cdc9d9-ddb5-4fa4-a97d-d965ccfc6d4b" outcome="Passed" testListId="8c84fa94-04c1-424b-9868-57a2d4851a1d" relativeResultsDirectory="ff48cfdc-8d59-40e9-8fb0-70fb488a0445" />
    <UnitTestResult executionId="16500364-f01e-4f34-ba6e-ddd748019c41" testId="137fc647-e308-a7de-6d8f-5c18c8f3a1e4" testName="KartverketGruppe5.Tests.Services.PasswordServiceTests.VerifyPassword_CorrectPassword_ReturnsTrue" computerName="LAPTOP-TC29OD6T" duration="00:00:00.0345699" startTime="2024-11-25T03:18:41.1441696+01:00" endTime="2024-11-25T03:18:41.1442100+01:00" testType="13cdc9d9-ddb5-4fa4-a97d-d965ccfc6d4b" outcome="Passed" testListId="8c84fa94-04c1-424b-9868-57a2d4851a1d" relativeResultsDirectory="16500364-f01e-4f34-ba6e-ddd748019c41" />
    <UnitTestResult executionId="ee9d9e7a-039d-403a-b7eb-e21d9e19ba5c" testId="b9129975-d67a-54b6-8820-e0d9d2f9e332" testName="KartverketGruppe5.Tests.Services.InnmeldingServiceTests.UpdateInnmeldingStatus_ValidData_ReturnsTrue" computerName="LAPTOP-TC29OD6T" duration="00:00:00.0467532" startTime="2024-11-25T03:18:41.6253065+01:00" endTime="2024-11-25T03:18:41.6253071+01:00" testType="13cdc9d9-ddb5-4fa4-a97d-d965ccfc6d4b" outcome="Passed" testListId="8c84fa94-04c1-424b-9868-57a2d4851a1d" relativeResultsDirectory="ee9d9e7a-039d-403a-b7eb-e21d9e19ba5c" />
    <UnitTestResult executionId="2bcab3ec-8f81-4a00-9a01-e9839019a031" testId="aaad88fd-bd37-c791-9e11-c14e258affdb" testName="KartverketGruppe5.Tests.Controllers.MineInnmeldingerControllerTests.Index_WithBrukerId_ReturnsViewWithData" computerName="LAPTOP-TC29OD6T" duration="00:00:00.0384629" startTime="2024-11-25T03:18:41.6848547+01:00" endTime="2024-11-25T03:18:41.6848549+01:00" testType="13cdc9d9-ddb5-4fa4-a97d-d965ccfc6d4b" outcome="Passed" testListId="8c84fa94-04c1-424b-9868-57a2d4851a1d" relativeResultsDirectory="2bcab3ec-8f81-4a00-9a01-e9839019a031" />
    <UnitTestResult executionId="bd3a1cc6-a8e3-4655-938f-71ba859ba8d4" testId="b0e48ad7-6440-00b9-7308-15e07c557e14" testName="KartverketGruppe5.Tests.Services.LokasjonServiceTests.AddLokasjon_InvalidCoordinates_ThrowsArgumentOutOfRangeException(latitude: 0, longitude: 181)" computerName="LAPTOP-TC29OD6T" duration="00:00:00.0002312" startTime="2024-11-25T03:18:41.5669352+01:00" endTime="2024-11-25T03:18:41.5669354+01:00" testType="13cdc9d9-ddb5-4fa4-a97d-d965ccfc6d4b" outcome="Passed" testListId="8c84fa94-04c1-424b-9868-57a2d4851a1d" relativeResultsDirectory="bd3a1cc6-a8e3-4655-938f-71ba859ba8d4" />
    <UnitTestResult executionId="942b5c5a-8bf1-4779-ad05-1f48f107227c" testId="e79e6ec0-08a0-4086-5778-28b4a6d0c832" testName="KartverketGruppe5.Tests.Services.PasswordServiceTests.HashPassword_SamePassword_ReturnsSameHash" computerName="LAPTOP-TC29OD6T" duration="00:00:00.0058103" startTime="2024-11-25T03:18:41.1535338+01:00" endTime="2024-11-25T03:18:41.1535341+01:00" testType="13cdc9d9-ddb5-4fa4-a97d-d965ccfc6d4b" outcome="Passed" testListId="8c84fa94-04c1-424b-9868-57a2d4851a1d" relativeResultsDirectory="942b5c5a-8bf1-4779-ad05-1f48f107227c" />
    <UnitTestResult executionId="5d8338d7-8817-4302-9177-e700d608c429" testId="62c26d80-ad00-c891-58ba-c120190910c0" testName="KartverketGruppe5.Tests.Controllers.MinProfilControllerTests.Index_WithoutEmail_RedirectsToLogin" computerName="LAPTOP-TC29OD6T" duration="00:00:00.0046420" startTime="2024-11-25T03:18:41.4917314+01:00" endTime="2024-11-25T03:18:41.4917320+01:00" testType="13cdc9d9-ddb5-4fa4-a97d-d965ccfc6d4b" outcome="Passed" testListId="8c84fa94-04c1-424b-9868-57a2d4851a1d" relativeResultsDirectory="5d8338d7-8817-4302-9177-e700d608c429" />
    <UnitTestResult executionId="2708c675-b039-401b-9682-124f5dc702dd" testId="1789f700-f68d-9afe-b056-e5593f1e6539" testName="KartverketGruppe5.Tests.Services.LokasjonServiceTests.GetKommuneIdFromCoordinates_ValidCoordinates_ReturnsKommuneId" computerName="LAPTOP-TC29OD6T" duration="00:00:00.0022047" startTime="2024-11-25T03:18:41.6168088+01:00" endTime="2024-11-25T03:18:41.6168089+01:00" testType="13cdc9d9-ddb5-4fa4-a97d-d965ccfc6d4b" outcome="Passed" testListId="8c84fa94-04c1-424b-9868-57a2d4851a1d" relativeResultsDirectory="2708c675-b039-401b-9682-124f5dc702dd" />
    <UnitTestResult executionId="2031f888-683b-4fc7-be7f-a4f3ba5d97ab" testId="d6fbade1-e071-c28a-fdb9-8b177453238d" testName="KartverketGruppe5.Tests.Controllers.MinProfilControllerTests.Index_WithValidEmail_ReturnsView" computerName="LAPTOP-TC29OD6T" duration="00:00:00.0030577" startTime="2024-11-25T03:18:41.5670324+01:00" endTime="2024-11-25T03:18:41.5670327+01:00" testType="13cdc9d9-ddb5-4fa4-a97d-d965ccfc6d4b" outcome="Passed" testListId="8c84fa94-04c1-424b-9868-57a2d4851a1d" relativeResultsDirectory="2031f888-683b-4fc7-be7f-a4f3ba5d97ab" />
    <UnitTestResult executionId="c845a724-2bc5-4278-818f-f855f5efafbf" testId="c67c2d4b-7295-acb2-2843-7caf1cc239c5" testName="KartverketGruppe5.Tests.Services.FylkeServiceTests.Constructor_NullRepository_ThrowsArgumentNullException" computerName="LAPTOP-TC29OD6T" duration="00:00:00.0307746" startTime="2024-11-25T03:18:41.6152800+01:00" endTime="2024-11-25T03:18:41.6152805+01:00" testType="13cdc9d9-ddb5-4fa4-a97d-d965ccfc6d4b" outcome="Passed" testListId="8c84fa94-04c1-424b-9868-57a2d4851a1d" relativeResultsDirectory="c845a724-2bc5-4278-818f-f855f5efafbf" />
    <UnitTestResult executionId="cffdae67-4b0c-4556-8594-b7d352608ac3" testId="a7ed71c6-0f18-d14f-9f4d-c747cd7d536f" testName="KartverketGruppe5.Tests.Controllers.AdminControllerTests.Register_Post_InvalidModel_ReturnsViewWithModel" computerName="LAPTOP-TC29OD6T" duration="00:00:00.0025539" startTime="2024-11-25T03:18:41.5824451+01:00" endTime="2024-11-25T03:18:41.5824453+01:00" testType="13cdc9d9-ddb5-4fa4-a97d-d965ccfc6d4b" outcome="Passed" testListId="8c84fa94-04c1-424b-9868-57a2d4851a1d" relativeResultsDirectory="cffdae67-4b0c-4556-8594-b7d352608ac3" />
    <UnitTestResult executionId="57411f09-565f-46d9-be19-a4b8d60ef00f" testId="8f43661a-2f7e-08e4-833e-67afae94b93b" testName="KartverketGruppe5.Tests.Services.LokasjonServiceTests.AddLokasjon_InvalidGeometriType_ThrowsArgumentException" computerName="LAPTOP-TC29OD6T" duration="00:00:00.0014011" startTime="2024-11-25T03:18:41.5691873+01:00" endTime="2024-11-25T03:18:41.5691875+01:00" testType="13cdc9d9-ddb5-4fa4-a97d-d965ccfc6d4b" outcome="Passed" testListId="8c84fa94-04c1-424b-9868-57a2d4851a1d" relativeResultsDirectory="57411f09-565f-46d9-be19-a4b8d60ef00f" />
    <UnitTestResult executionId="5948f403-a343-4daf-803c-ff099eff0efa" testId="9677a9db-8fdd-c58a-87ff-3e0132b2a53b" testName="KartverketGruppe5.Tests.Services.KommunePopulateServiceTests.GetFylkesnavnFromKommunenummer_ValidKommunenummer_ReturnsFylkesnavn(kommunenummer: &quot;0301&quot;, expectedFylke: &quot;Oslo&quot;)" computerName="LAPTOP-TC29OD6T" duration="00:00:00.0010370" startTime="2024-11-25T03:18:41.6800032+01:00" endTime="2024-11-25T03:18:41.6800088+01:00" testType="13cdc9d9-ddb5-4fa4-a97d-d965ccfc6d4b" outcome="Passed" testListId="8c84fa94-04c1-424b-9868-57a2d4851a1d" relativeResultsDirectory="5948f403-a343-4daf-803c-ff099eff0efa" />
    <UnitTestResult executionId="92cf754d-b56e-4f69-aae0-12d4d4bd97d2" testId="9455adeb-ca38-7e38-859b-22ce624e971e" testName="KartverketGruppe5.Tests.Services.LokasjonServiceTests.GetLokasjonById_ExistingId_ReturnsLokasjon" computerName="LAPTOP-TC29OD6T" duration="00:00:00.0462696" startTime="2024-11-25T03:18:41.6143058+01:00" endTime="2024-11-25T03:18:41.6143064+01:00" testType="13cdc9d9-ddb5-4fa4-a97d-d965ccfc6d4b" outcome="Passed" testListId="8c84fa94-04c1-424b-9868-57a2d4851a1d" relativeResultsDirectory="92cf754d-b56e-4f69-aae0-12d4d4bd97d2" />
    <UnitTestResult executionId="2ecbf996-a4fc-4056-9e45-dbd003a894be" testId="3d94cd61-16b2-8aea-560b-3002be5e6e76" testName="KartverketGruppe5.Tests.Controllers.LoginControllerTests.Register_ValidModel_RedirectsToHome" computerName="LAPTOP-TC29OD6T" duration="00:00:00.0045709" startTime="2024-11-25T03:18:41.5883800+01:00" endTime="2024-11-25T03:18:41.5883803+01:00" testType="13cdc9d9-ddb5-4fa4-a97d-d965ccfc6d4b" outcome="Passed" testListId="8c84fa94-04c1-424b-9868-57a2d4851a1d" relativeResultsDirectory="2ecbf996-a4fc-4056-9e45-dbd003a894be" />
    <UnitTestResult executionId="11fe3386-c9de-4239-bc0d-ce2000fe204a" testId="24c1b5a4-cbca-ae2b-9dbb-bb2dd79d08c5" testName="KartverketGruppe5.Tests.Controllers.SaksbehandlingControllerTests.Behandle_Success_RedirectsToMineSaker" computerName="LAPTOP-TC29OD6T" duration="00:00:00.0179158" startTime="2024-11-25T03:18:41.4781514+01:00" endTime="2024-11-25T03:18:41.4781515+01:00" testType="13cdc9d9-ddb5-4fa4-a97d-d965ccfc6d4b" outcome="Passed" testListId="8c84fa94-04c1-424b-9868-57a2d4851a1d" relativeResultsDirectory="11fe3386-c9de-4239-bc0d-ce2000fe204a" />
    <UnitTestResult executionId="8571bd8a-d1dc-400f-939f-4813e2476940" testId="4f956e67-517a-d2d4-071b-cfa40befaa20" testName="KartverketGruppe5.Tests.Services.KommuneServiceTests.GetKommuneById_ExistingId_ReturnsKommune" computerName="LAPTOP-TC29OD6T" duration="00:00:00.0055920" startTime="2024-11-25T03:18:41.6896403+01:00" endTime="2024-11-25T03:18:41.6896407+01:00" testType="13cdc9d9-ddb5-4fa4-a97d-d965ccfc6d4b" outcome="Passed" testListId="8c84fa94-04c1-424b-9868-57a2d4851a1d" relativeResultsDirectory="8571bd8a-d1dc-400f-939f-4813e2476940" />
    <UnitTestResult executionId="50776a1a-6c11-4933-b54f-7ab7e6cc7074" testId="dd929432-2c0f-74ec-e6d0-0271e6098c08" testName="KartverketGruppe5.Tests.Controllers.MineInnmeldingerControllerTests.Detaljer_WithoutBrukerId_RedirectsToLogin" computerName="LAPTOP-TC29OD6T" duration="00:00:00.0025976" startTime="2024-11-25T03:18:41.6873213+01:00" endTime="2024-11-25T03:18:41.6873217+01:00" testType="13cdc9d9-ddb5-4fa4-a97d-d965ccfc6d4b" outcome="Passed" testListId="8c84fa94-04c1-424b-9868-57a2d4851a1d" relativeResultsDirectory="50776a1a-6c11-4933-b54f-7ab7e6cc7074" />
    <UnitTestResult executionId="eae626e9-8087-4386-bef8-dfd515a4bb7a" testId="4f37232a-4b82-eb1d-beca-c8fffa1316fa" testName="KartverketGruppe5.Tests.Controllers.LoginControllerTests.HandleLogin_ValidSaksbehandler_RedirectsToHome" computerName="LAPTOP-TC29OD6T" duration="00:00:00.0022532" startTime="2024-11-25T03:18:41.5956999+01:00" endTime="2024-11-25T03:18:41.5957004+01:00" testType="13cdc9d9-ddb5-4fa4-a97d-d965ccfc6d4b" outcome="Passed" testListId="8c84fa94-04c1-424b-9868-57a2d4851a1d" relativeResultsDirectory="eae626e9-8087-4386-bef8-dfd515a4bb7a" />
    <UnitTestResult executionId="70d98a24-7d59-4db3-91e6-e829692ada2f" testId="15eaacd4-47cb-a9f5-e107-b73b71d0b702" testName="KartverketGruppe5.Tests.Controllers.MinProfilControllerTests.OppdaterBruker_Success_RedirectsToIndex" computerName="LAPTOP-TC29OD6T" duration="00:00:00.0015972" startTime="2024-11-25T03:18:41.5690843+01:00" endTime="2024-11-25T03:18:41.5690850+01:00" testType="13cdc9d9-ddb5-4fa4-a97d-d965ccfc6d4b" outcome="Passed" testListId="8c84fa94-04c1-424b-9868-57a2d4851a1d" relativeResultsDirectory="70d98a24-7d59-4db3-91e6-e829692ada2f" />
    <UnitTestResult executionId="3288e0bb-8943-47fe-918c-48cbf9e74840" testId="edc3b7b7-f6fb-67e0-c9f7-ac57a40a2a0e" testName="KartverketGruppe5.Tests.Services.BrukerServiceTests.GetBrukerByEmail_ExistingEmail_ReturnsBruker" computerName="LAPTOP-TC29OD6T" duration="00:00:00.0353144" startTime="2024-11-25T03:18:41.6539676+01:00" endTime="2024-11-25T03:18:41.6539680+01:00" testType="13cdc9d9-ddb5-4fa4-a97d-d965ccfc6d4b" outcome="Passed" testListId="8c84fa94-04c1-424b-9868-57a2d4851a1d" relativeResultsDirectory="3288e0bb-8943-47fe-918c-48cbf9e74840" />
    <UnitTestResult executionId="bd4ccd32-58e2-4a4e-9c0b-01a5eeffd199" testId="24fb06ac-1b9b-fd2f-d2f3-c1550fff086a" testName="KartverketGruppe5.Tests.Controllers.SaksbehandlingControllerTests.SearchKommuner_ReturnsJsonResult" computerName="LAPTOP-TC29OD6T" duration="00:00:00.0127062" startTime="2024-11-25T03:18:41.4909970+01:00" endTime="2024-11-25T03:18:41.4909974+01:00" testType="13cdc9d9-ddb5-4fa4-a97d-d965ccfc6d4b" outcome="Passed" testListId="8c84fa94-04c1-424b-9868-57a2d4851a1d" relativeResultsDirectory="bd4ccd32-58e2-4a4e-9c0b-01a5eeffd199" />
    <UnitTestResult executionId="8ceef087-4290-415a-83d4-50a30258a79b" testId="04f98afb-03ec-1e9e-fe8e-0403904d6e9b" testName="KartverketGruppe5.Tests.Controllers.AdminControllerTests.Rediger_Get_ValidId_ReturnsViewWithModel" computerName="LAPTOP-TC29OD6T" duration="00:00:00.0080062" startTime="2024-11-25T03:18:41.5796949+01:00" endTime="2024-11-25T03:18:41.5796960+01:00" testType="13cdc9d9-ddb5-4fa4-a97d-d965ccfc6d4b" outcome="Passed" testListId="8c84fa94-04c1-424b-9868-57a2d4851a1d" relativeResultsDirectory="8ceef087-4290-415a-83d4-50a30258a79b" />
    <UnitTestResult executionId="1b6ae825-92b2-4fd7-a011-d1e347aa5c17" testId="a1fad7b4-386a-bb7c-9418-3c5d6a54d9a8" testName="KartverketGruppe5.Tests.Services.NotificationServiceTests.AddSuccessMessage_ValidMessage_StoresInTempData" computerName="LAPTOP-TC29OD6T" duration="00:00:00.0039950" startTime="2024-11-25T03:18:41.5778621+01:00" endTime="2024-11-25T03:18:41.5778626+01:00" testType="13cdc9d9-ddb5-4fa4-a97d-d965ccfc6d4b" outcome="Passed" testListId="8c84fa94-04c1-424b-9868-57a2d4851a1d" relativeResultsDirectory="1b6ae825-92b2-4fd7-a011-d1e347aa5c17" />
    <UnitTestResult executionId="52858cf2-4a45-4fb7-ab69-2369c1b56072" testId="75c6cb9e-1840-0a5e-65cf-7110d35fdc86" testName="KartverketGruppe5.Tests.Services.InnmeldingServiceTests.GetInnmeldingById_NonExistingId_ThrowsKeyNotFoundException" computerName="LAPTOP-TC29OD6T" duration="00:00:00.0032035" startTime="2024-11-25T03:18:41.6521982+01:00" endTime="2024-11-25T03:18:41.6521988+01:00" testType="13cdc9d9-ddb5-4fa4-a97d-d965ccfc6d4b" outcome="Passed" testListId="8c84fa94-04c1-424b-9868-57a2d4851a1d" relativeResultsDirectory="52858cf2-4a45-4fb7-ab69-2369c1b56072" />
    <UnitTestResult executionId="f5700e91-7ce2-4626-879f-af6644c52d9c" testId="3cad5013-9b39-0253-5164-3a6ba456d3bd" testName="KartverketGruppe5.Tests.Controllers.MinProfilControllerTests.Index_WithInvalidEmail_RedirectsToLogin" computerName="LAPTOP-TC29OD6T" duration="00:00:00.0166230" startTime="2024-11-25T03:18:41.5085798+01:00" endTime="2024-11-25T03:18:41.5085801+01:00" testType="13cdc9d9-ddb5-4fa4-a97d-d965ccfc6d4b" outcome="Passed" testListId="8c84fa94-04c1-424b-9868-57a2d4851a1d" relativeResultsDirectory="f5700e91-7ce2-4626-879f-af6644c52d9c" />
    <UnitTestResult executionId="2fca76ca-a0b6-4673-8eb6-b55c4cb21f71" testId="b609b02b-6e70-d1bb-1470-d9371b226621" testName="KartverketGruppe5.Tests.Controllers.MinProfilControllerTests.OppdaterBruker_WithoutEmail_RedirectsToLogin" computerName="LAPTOP-TC29OD6T" duration="00:00:00.3940246" startTime="2024-11-25T03:18:41.4869404+01:00" endTime="2024-11-25T03:18:41.4869412+01:00" testType="13cdc9d9-ddb5-4fa4-a97d-d965ccfc6d4b" outcome="Passed" testListId="8c84fa94-04c1-424b-9868-57a2d4851a1d" relativeResultsDirectory="2fca76ca-a0b6-4673-8eb6-b55c4cb21f71" />
    <UnitTestResult executionId="555edbf4-364e-4b65-96d4-96f01adff5da" testId="35ab5276-6cc2-bd81-1ccc-6a394be4c6dd" testName="KartverketGruppe5.Tests.Services.SaksbehandlerServiceTests.UpdateSaksbehandler_WithNewPassword_UpdatesSuccessfully" computerName="LAPTOP-TC29OD6T" duration="00:00:00.0551192" startTime="2024-11-25T03:18:41.6512740+01:00" endTime="2024-11-25T03:18:41.6512744+01:00" testType="13cdc9d9-ddb5-4fa4-a97d-d965ccfc6d4b" outcome="Passed" testListId="8c84fa94-04c1-424b-9868-57a2d4851a1d" relativeResultsDirectory="555edbf4-364e-4b65-96d4-96f01adff5da" />
    <UnitTestResult executionId="78188945-79b4-4c86-b2b7-808b3a5751e4" testId="ef53446c-b072-8eae-4a78-6bedf3df0761" testName="KartverketGruppe5.Tests.Services.KommuneServiceTests.SearchKommuner_WithNoMatches_ReturnsEmptyList" computerName="LAPTOP-TC29OD6T" duration="00:00:00.0037991" startTime="2024-11-25T03:18:41.6936267+01:00" endTime="2024-11-25T03:18:41.6936271+01:00" testType="13cdc9d9-ddb5-4fa4-a97d-d965ccfc6d4b" outcome="Passed" testListId="8c84fa94-04c1-424b-9868-57a2d4851a1d" relativeResultsDirectory="78188945-79b4-4c86-b2b7-808b3a5751e4" />
    <UnitTestResult executionId="3b75a182-74df-490e-9d33-a20d90aeab06" testId="34d8b066-9846-b30e-9cb1-09da1ddf8f02" testName="KartverketGruppe5.Tests.Controllers.MapChangeControllerTests.Index_Post_InvalidModel_ReturnsView" computerName="LAPTOP-TC29OD6T" duration="00:00:00.0094865" startTime="2024-11-25T03:18:41.6010992+01:00" endTime="2024-11-25T03:18:41.6010996+01:00" testType="13cdc9d9-ddb5-4fa4-a97d-d965ccfc6d4b" outcome="Passed" testListId="8c84fa94-04c1-424b-9868-57a2d4851a1d" relativeResultsDirectory="3b75a182-74df-490e-9d33-a20d90aeab06" />
    <UnitTestResult executionId="154e7f5e-89b1-4b1e-bdee-36f15443dedc" testId="2b9ab60e-e399-a1c6-4d06-064542745cb9" testName="KartverketGruppe5.Tests.Controllers.LoginControllerTests.HandleLogin_ValidBruker_RedirectsToHome" computerName="LAPTOP-TC29OD6T" duration="00:00:00.0080752" startTime="2024-11-25T03:18:41.5835279+01:00" endTime="2024-11-25T03:18:41.5835280+01:00" testType="13cdc9d9-ddb5-4fa4-a97d-d965ccfc6d4b" outcome="Passed" testListId="8c84fa94-04c1-424b-9868-57a2d4851a1d" relativeResultsDirectory="154e7f5e-89b1-4b1e-bdee-36f15443dedc" />
    <UnitTestResult executionId="09d3e9a2-2ba1-4214-9e93-5d5b0cab4546" testId="b9132725-ad1e-9f2f-b6c6-a87e995ed1ba" testName="KartverketGruppe5.Tests.Services.LokasjonServiceTests.AddLokasjon_InvalidCoordinates_ThrowsArgumentOutOfRangeException(latitude: 91, longitude: 0)" computerName="LAPTOP-TC29OD6T" duration="00:00:00.0002172" startTime="2024-11-25T03:18:41.5672291+01:00" endTime="2024-11-25T03:18:41.5672292+01:00" testType="13cdc9d9-ddb5-4fa4-a97d-d965ccfc6d4b" outcome="Passed" testListId="8c84fa94-04c1-424b-9868-57a2d4851a1d" relativeResultsDirectory="09d3e9a2-2ba1-4214-9e93-5d5b0cab4546" />
    <UnitTestResult executionId="d91bea31-4315-4cd7-8e26-707f5e6a0070" testId="17355277-8a73-6b60-df20-adb3f05ad91f" testName="KartverketGruppe5.Tests.Controllers.MineSakerControllerTests.Behandle_WithalidId_ReturnsViewWithData" computerName="LAPTOP-TC29OD6T" duration="00:00:00.0139167" startTime="2024-11-25T03:18:41.7044237+01:00" endTime="2024-11-25T03:18:41.7044242+01:00" testType="13cdc9d9-ddb5-4fa4-a97d-d965ccfc6d4b" outcome="Passed" testListId="8c84fa94-04c1-424b-9868-57a2d4851a1d" relativeResultsDirectory="d91bea31-4315-4cd7-8e26-707f5e6a0070" />
    <UnitTestResult executionId="2548420a-df61-4c8a-801c-e4457b7b7f6d" testId="d1fe8b94-2526-ff1f-35f7-ff9bd07e856f" testName="KartverketGruppe5.Tests.Controllers.MapChangeControllerTests.ViewInnmelding_NotFound_ReturnsNotFound" computerName="LAPTOP-TC29OD6T" duration="00:00:00.0233651" startTime="2024-11-25T03:18:41.5919663+01:00" endTime="2024-11-25T03:18:41.5919677+01:00" testType="13cdc9d9-ddb5-4fa4-a97d-d965ccfc6d4b" outcome="Passed" testListId="8c84fa94-04c1-424b-9868-57a2d4851a1d" relativeResultsDirectory="2548420a-df61-4c8a-801c-e4457b7b7f6d" />
    <UnitTestResult executionId="f30980f9-3a26-460c-9214-aadfa6bb0a97" testId="7954faff-3860-4dea-e122-8c87587a44bc" testName="KartverketGruppe5.Tests.Services.FylkeServiceTests.GetAllFylker_EmptyList_ReturnsEmptyList" computerName="LAPTOP-TC29OD6T" duration="00:00:00.0308609" startTime="2024-11-25T03:18:41.6462996+01:00" endTime="2024-11-25T03:18:41.6463002+01:00" testType="13cdc9d9-ddb5-4fa4-a97d-d965ccfc6d4b" outcome="Passed" testListId="8c84fa94-04c1-424b-9868-57a2d4851a1d" relativeResultsDirectory="f30980f9-3a26-460c-9214-aadfa6bb0a97" />
    <UnitTestResult executionId="54a5816a-96ae-42b7-830e-50f7e80d15d5" testId="157e8ff0-5523-d420-a21f-11bdd1048867" testName="KartverketGruppe5.Tests.Services.NotificationServiceTests.Constructor_NullHttpContext_ThrowsArgumentNullException" computerName="LAPTOP-TC29OD6T" duration="00:00:00.3633835" startTime="2024-11-25T03:18:41.4562364+01:00" endTime="2024-11-25T03:18:41.4562369+01:00" testType="13cdc9d9-ddb5-4fa4-a97d-d965ccfc6d4b" outcome="Passed" testListId="8c84fa94-04c1-424b-9868-57a2d4851a1d" relativeResultsDirectory="54a5816a-96ae-42b7-830e-50f7e80d15d5" />
    <UnitTestResult executionId="4b1aab83-0543-46cc-84f5-fd7838b19c3b" testId="1293dc01-fda0-669a-26eb-9dc569561b0b" testName="KartverketGruppe5.Tests.Services.SaksbehandlerServiceTests.GetSaksbehandlerById_NonExistingId_ReturnsNull" computerName="LAPTOP-TC29OD6T" duration="00:00:00.0033609" startTime="2024-11-25T03:18:41.6638051+01:00" endTime="2024-11-25T03:18:41.6638057+01:00" testType="13cdc9d9-ddb5-4fa4-a97d-d965ccfc6d4b" outcome="Passed" testListId="8c84fa94-04c1-424b-9868-57a2d4851a1d" relativeResultsDirectory="4b1aab83-0543-46cc-84f5-fd7838b19c3b" />
    <UnitTestResult executionId="27c06c30-cced-4d14-9b98-2e13e11a0959" testId="9a5c04f3-c720-d047-7e8b-74dd71bf5f2a" testName="KartverketGruppe5.Tests.Controllers.MineSakerControllerTests.Index_WithoutSaksbehandlerId_RedirectsToLogin" computerName="LAPTOP-TC29OD6T" duration="00:00:00.0033757" startTime="2024-11-25T03:18:41.7080136+01:00" endTime="2024-11-25T03:18:41.7080139+01:00" testType="13cdc9d9-ddb5-4fa4-a97d-d965ccfc6d4b" outcome="Passed" testListId="8c84fa94-04c1-424b-9868-57a2d4851a1d" relativeResultsDirectory="27c06c30-cced-4d14-9b98-2e13e11a0959" />
    <UnitTestResult executionId="ef713aa5-be97-4a31-a070-1bef917c954e" testId="b5764c73-00de-e051-a5dc-c7b8b7836ec8" testName="KartverketGruppe5.Tests.Controllers.LoginControllerTests.HandleLogin_InvalidCredentials_ReturnsViewWithError" computerName="LAPTOP-TC29OD6T" duration="00:00:00.4822952" startTime="2024-11-25T03:18:41.5752517+01:00" endTime="2024-11-25T03:18:41.5752522+01:00" testType="13cdc9d9-ddb5-4fa4-a97d-d965ccfc6d4b" outcome="Passed" testListId="8c84fa94-04c1-424b-9868-57a2d4851a1d" relativeResultsDirectory="ef713aa5-be97-4a31-a070-1bef917c954e" />
    <UnitTestResult executionId="10c57825-6891-4b7a-bd3d-c9a0b1e86a7b" testId="b30ae4bd-de30-2a38-ee92-7dfbe51eeb1d" testName="KartverketGruppe5.Tests.Controllers.MapChangeControllerTests.Index_WithBrukerId_ReturnsView" computerName="LAPTOP-TC29OD6T" duration="00:00:00.0062703" startTime="2024-11-25T03:18:41.6075064+01:00" endTime="2024-11-25T03:18:41.6075068+01:00" testType="13cdc9d9-ddb5-4fa4-a97d-d965ccfc6d4b" outcome="Passed" testListId="8c84fa94-04c1-424b-9868-57a2d4851a1d" relativeResultsDirectory="10c57825-6891-4b7a-bd3d-c9a0b1e86a7b" />
    <UnitTestResult executionId="0dcdffe9-6754-48e5-8c8d-61a86751fa37" testId="834df191-5ad4-b6ff-c895-4a8913465583" testName="KartverketGruppe5.Tests.Services.BrukerServiceTests.CreateBruker_ExistingEmail_ReturnsFalse" computerName="LAPTOP-TC29OD6T" duration="00:00:00.0065234" startTime="2024-11-25T03:18:41.6602314+01:00" endTime="2024-11-25T03:18:41.6602315+01:00" testType="13cdc9d9-ddb5-4fa4-a97d-d965ccfc6d4b" outcome="Passed" testListId="8c84fa94-04c1-424b-9868-57a2d4851a1d" relativeResultsDirectory="0dcdffe9-6754-48e5-8c8d-61a86751fa37" />
    <UnitTestResult executionId="b614d8fb-355a-43ff-b9e3-a67068c64896" testId="38787669-44d1-879f-8e6f-153c59b25378" testName="KartverketGruppe5.Tests.Services.KommunePopulateServiceTests.GetFylkesnavnFromKommunenummer_ValidKommunenummer_ReturnsFylkesnavn(kommunenummer: &quot;1101&quot;, expectedFylke: &quot;Rogaland&quot;)" computerName="LAPTOP-TC29OD6T" duration="00:00:00.0004004" startTime="2024-11-25T03:18:41.6808444+01:00" endTime="2024-11-25T03:18:41.6808448+01:00" testType="13cdc9d9-ddb5-4fa4-a97d-d965ccfc6d4b" outcome="Passed" testListId="8c84fa94-04c1-424b-9868-57a2d4851a1d" relativeResultsDirectory="b614d8fb-355a-43ff-b9e3-a67068c64896" />
    <UnitTestResult executionId="c7d24904-b954-4498-b3fb-4f1866dd64bf" testId="48b1df19-1210-8b41-2047-1352a9288523" testName="KartverketGruppe5.Tests.Services.LokasjonServiceTests.GetAllLokasjoner_ReturnsListOfLokasjoner" computerName="LAPTOP-TC29OD6T" duration="00:00:00.0290018" startTime="2024-11-25T03:18:41.6454081+01:00" endTime="2024-11-25T03:18:41.6454085+01:00" testType="13cdc9d9-ddb5-4fa4-a97d-d965ccfc6d4b" outcome="Passed" testListId="8c84fa94-04c1-424b-9868-57a2d4851a1d" relativeResultsDirectory="c7d24904-b954-4498-b3fb-4f1866dd64bf" />
    <UnitTestResult executionId="bf9bef69-ac90-4272-911b-5b539dbe57b5" testId="2de9a874-b1d3-72bc-f379-7a63160b41fb" testName="KartverketGruppe5.Tests.Controllers.MinProfilControllerTests.SlettBruker_WithoutEmail_RedirectsToLogin" computerName="LAPTOP-TC29OD6T" duration="00:00:00.0041129" startTime="2024-11-25T03:18:41.5129163+01:00" endTime="2024-11-25T03:18:41.5129165+01:00" testType="13cdc9d9-ddb5-4fa4-a97d-d965ccfc6d4b" outcome="Passed" testListId="8c84fa94-04c1-424b-9868-57a2d4851a1d" relativeResultsDirectory="bf9bef69-ac90-4272-911b-5b539dbe57b5" />
  </Results>
  <TestDefinitions>
    <UnitTest name="KartverketGruppe5.Tests.Controllers.MapChangeControllerTests.Index_Post_InvalidModel_ReturnsView" storage="c:\users\jensh\onedrive\skrivebord\skole\uia høst 2024\vs-24\kartverketgruppe5\kartverketgruppe5.tests\bin\debug\net8.0\kartverketgruppe5.tests.dll" id="34d8b066-9846-b30e-9cb1-09da1ddf8f02">
      <Execution id="3b75a182-74df-490e-9d33-a20d90aeab06" />
      <TestMethod codeBase="C:\Users\jensh\OneDrive\Skrivebord\Skole\UiA høst 2024\vs-24\KartverketGruppe5\KartverketGruppe5.Tests\bin\Debug\net8.0\KartverketGruppe5.Tests.dll" adapterTypeName="executor://xunit/VsTestRunner2/netcoreapp" className="KartverketGruppe5.Tests.Controllers.MapChangeControllerTests" name="Index_Post_InvalidModel_ReturnsView" />
    </UnitTest>
    <UnitTest name="KartverketGruppe5.Tests.Controllers.MineInnmeldingerControllerTests.Detaljer_WithoutBrukerId_RedirectsToLogin" storage="c:\users\jensh\onedrive\skrivebord\skole\uia høst 2024\vs-24\kartverketgruppe5\kartverketgruppe5.tests\bin\debug\net8.0\kartverketgruppe5.tests.dll" id="dd929432-2c0f-74ec-e6d0-0271e6098c08">
      <Execution id="50776a1a-6c11-4933-b54f-7ab7e6cc7074" />
      <TestMethod codeBase="C:\Users\jensh\OneDrive\Skrivebord\Skole\UiA høst 2024\vs-24\KartverketGruppe5\KartverketGruppe5.Tests\bin\Debug\net8.0\KartverketGruppe5.Tests.dll" adapterTypeName="executor://xunit/VsTestRunner2/netcoreapp" className="KartverketGruppe5.Tests.Controllers.MineInnmeldingerControllerTests" name="Detaljer_WithoutBrukerId_RedirectsToLogin" />
    </UnitTest>
    <UnitTest name="KartverketGruppe5.Tests.Services.BrukerServiceTests.UpdateBruker_ExistingUser_ReturnsTrue" storage="c:\users\jensh\onedrive\skrivebord\skole\uia høst 2024\vs-24\kartverketgruppe5\kartverketgruppe5.tests\bin\debug\net8.0\kartverketgruppe5.tests.dll" id="a52725e8-fc35-f650-b845-1e985b3e41bc">
      <Execution id="a2b6e619-0551-45ac-9835-0c6fa5b31ef2" />
      <TestMethod codeBase="C:\Users\jensh\OneDrive\Skrivebord\Skole\UiA høst 2024\vs-24\KartverketGruppe5\KartverketGruppe5.Tests\bin\Debug\net8.0\KartverketGruppe5.Tests.dll" adapterTypeName="executor://xunit/VsTestRunner2/netcoreapp" className="KartverketGruppe5.Tests.Services.BrukerServiceTests" name="UpdateBruker_ExistingUser_ReturnsTrue" />
    </UnitTest>
    <UnitTest name="KartverketGruppe5.Tests.Services.SaksbehandlerServiceTests.UpdateSaksbehandler_WithNewPassword_UpdatesSuccessfully" storage="c:\users\jensh\onedrive\skrivebord\skole\uia høst 2024\vs-24\kartverketgruppe5\kartverketgruppe5.tests\bin\debug\net8.0\kartverketgruppe5.tests.dll" id="35ab5276-6cc2-bd81-1ccc-6a394be4c6dd">
      <Execution id="555edbf4-364e-4b65-96d4-96f01adff5da" />
      <TestMethod codeBase="C:\Users\jensh\OneDrive\Skrivebord\Skole\UiA høst 2024\vs-24\KartverketGruppe5\KartverketGruppe5.Tests\bin\Debug\net8.0\KartverketGruppe5.Tests.dll" adapterTypeName="executor://xunit/VsTestRunner2/netcoreapp" className="KartverketGruppe5.Tests.Services.SaksbehandlerServiceTests" name="UpdateSaksbehandler_WithNewPassword_UpdatesSuccessfully" />
    </UnitTest>
    <UnitTest name="KartverketGruppe5.Tests.Services.LokasjonServiceTests.UpdateLokasjon_ValidData_UpdatesSuccessfully" storage="c:\users\jensh\onedrive\skrivebord\skole\uia høst 2024\vs-24\kartverketgruppe5\kartverketgruppe5.tests\bin\debug\net8.0\kartverketgruppe5.tests.dll" id="3ac8534f-9ded-5434-1334-e47429762f90">
      <Execution id="98ee5b26-0a50-4dc0-a5f7-628cb3230341" />
      <TestMethod codeBase="C:\Users\jensh\OneDrive\Skrivebord\Skole\UiA høst 2024\vs-24\KartverketGruppe5\KartverketGruppe5.Tests\bin\Debug\net8.0\KartverketGruppe5.Tests.dll" adapterTypeName="executor://xunit/VsTestRunner2/netcoreapp" className="KartverketGruppe5.Tests.Services.LokasjonServiceTests" name="UpdateLokasjon_ValidData_UpdatesSuccessfully" />
    </UnitTest>
    <UnitTest name="KartverketGruppe5.Tests.Controllers.MinProfilControllerTests.SlettBruker_WithoutEmail_RedirectsToLogin" storage="c:\users\jensh\onedrive\skrivebord\skole\uia høst 2024\vs-24\kartverketgruppe5\kartverketgruppe5.tests\bin\debug\net8.0\kartverketgruppe5.tests.dll" id="2de9a874-b1d3-72bc-f379-7a63160b41fb">
      <Execution id="bf9bef69-ac90-4272-911b-5b539dbe57b5" />
      <TestMethod codeBase="C:\Users\jensh\OneDrive\Skrivebord\Skole\UiA høst 2024\vs-24\KartverketGruppe5\KartverketGruppe5.Tests\bin\Debug\net8.0\KartverketGruppe5.Tests.dll" adapterTypeName="executor://xunit/VsTestRunner2/netcoreapp" className="KartverketGruppe5.Tests.Controllers.MinProfilControllerTests" name="SlettBruker_WithoutEmail_RedirectsToLogin" />
    </UnitTest>
    <UnitTest name="KartverketGruppe5.Tests.Controllers.MapChangeControllerTests.ViewInnmelding_NotFound_ReturnsNotFound" storage="c:\users\jensh\onedrive\skrivebord\skole\uia høst 2024\vs-24\kartverketgruppe5\kartverketgruppe5.tests\bin\debug\net8.0\kartverketgruppe5.tests.dll" id="d1fe8b94-2526-ff1f-35f7-ff9bd07e856f">
      <Execution id="2548420a-df61-4c8a-801c-e4457b7b7f6d" />
      <TestMethod codeBase="C:\Users\jensh\OneDrive\Skrivebord\Skole\UiA høst 2024\vs-24\KartverketGruppe5\KartverketGruppe5.Tests\bin\Debug\net8.0\KartverketGruppe5.Tests.dll" adapterTypeName="executor://xunit/VsTestRunner2/netcoreapp" className="KartverketGruppe5.Tests.Controllers.MapChangeControllerTests" name="ViewInnmelding_NotFound_ReturnsNotFound" />
    </UnitTest>
    <UnitTest name="KartverketGruppe5.Tests.Services.KommuneServiceTests.SearchKommuner_WithNoMatches_ReturnsEmptyList" storage="c:\users\jensh\onedrive\skrivebord\skole\uia høst 2024\vs-24\kartverketgruppe5\kartverketgruppe5.tests\bin\debug\net8.0\kartverketgruppe5.tests.dll" id="ef53446c-b072-8eae-4a78-6bedf3df0761">
      <Execution id="78188945-79b4-4c86-b2b7-808b3a5751e4" />
      <TestMethod codeBase="C:\Users\jensh\OneDrive\Skrivebord\Skole\UiA høst 2024\vs-24\KartverketGruppe5\KartverketGruppe5.Tests\bin\Debug\net8.0\KartverketGruppe5.Tests.dll" adapterTypeName="executor://xunit/VsTestRunner2/netcoreapp" className="KartverketGruppe5.Tests.Services.KommuneServiceTests" name="SearchKommuner_WithNoMatches_ReturnsEmptyList" />
    </UnitTest>
    <UnitTest name="KartverketGruppe5.Tests.Services.LokasjonServiceTests.AddLokasjon_InvalidCoordinates_ThrowsArgumentOutOfRangeException(latitude: 91, longitude: 0)" storage="c:\users\jensh\onedrive\skrivebord\skole\uia høst 2024\vs-24\kartverketgruppe5\kartverketgruppe5.tests\bin\debug\net8.0\kartverketgruppe5.tests.dll" id="b9132725-ad1e-9f2f-b6c6-a87e995ed1ba">
      <Execution id="09d3e9a2-2ba1-4214-9e93-5d5b0cab4546" />
      <TestMethod codeBase="C:\Users\jensh\OneDrive\Skrivebord\Skole\UiA høst 2024\vs-24\KartverketGruppe5\KartverketGruppe5.Tests\bin\Debug\net8.0\KartverketGruppe5.Tests.dll" adapterTypeName="executor://xunit/VsTestRunner2/netcoreapp" className="KartverketGruppe5.Tests.Services.LokasjonServiceTests" name="AddLokasjon_InvalidCoordinates_ThrowsArgumentOutOfRangeException" />
    </UnitTest>
    <UnitTest name="KartverketGruppe5.Tests.Services.PasswordServiceTests.HashPassword_SamePassword_ReturnsSameHash" storage="c:\users\jensh\onedrive\skrivebord\skole\uia høst 2024\vs-24\kartverketgruppe5\kartverketgruppe5.tests\bin\debug\net8.0\kartverketgruppe5.tests.dll" id="e79e6ec0-08a0-4086-5778-28b4a6d0c832">
      <Execution id="942b5c5a-8bf1-4779-ad05-1f48f107227c" />
      <TestMethod codeBase="C:\Users\jensh\OneDrive\Skrivebord\Skole\UiA høst 2024\vs-24\KartverketGruppe5\KartverketGruppe5.Tests\bin\Debug\net8.0\KartverketGruppe5.Tests.dll" adapterTypeName="executor://xunit/VsTestRunner2/netcoreapp" className="KartverketGruppe5.Tests.Services.PasswordServiceTests" name="HashPassword_SamePassword_ReturnsSameHash" />
    </UnitTest>
    <UnitTest name="KartverketGruppe5.Tests.Controllers.LoginControllerTests.Register_ValidModel_RedirectsToHome" storage="c:\users\jensh\onedrive\skrivebord\skole\uia høst 2024\vs-24\kartverketgruppe5\kartverketgruppe5.tests\bin\debug\net8.0\kartverketgruppe5.tests.dll" id="3d94cd61-16b2-8aea-560b-3002be5e6e76">
      <Execution id="2ecbf996-a4fc-4056-9e45-dbd003a894be" />
      <TestMethod codeBase="C:\Users\jensh\OneDrive\Skrivebord\Skole\UiA høst 2024\vs-24\KartverketGruppe5\KartverketGruppe5.Tests\bin\Debug\net8.0\KartverketGruppe5.Tests.dll" adapterTypeName="executor://xunit/VsTestRunner2/netcoreapp" className="KartverketGruppe5.Tests.Controllers.LoginControllerTests" name="Register_ValidModel_RedirectsToHome" />
    </UnitTest>
    <UnitTest name="KartverketGruppe5.Tests.Controllers.MineInnmeldingerControllerTests.Index_WithBrukerId_ReturnsViewWithData" storage="c:\users\jensh\onedrive\skrivebord\skole\uia høst 2024\vs-24\kartverketgruppe5\kartverketgruppe5.tests\bin\debug\net8.0\kartverketgruppe5.tests.dll" id="aaad88fd-bd37-c791-9e11-c14e258affdb">
      <Execution id="2bcab3ec-8f81-4a00-9a01-e9839019a031" />
      <TestMethod codeBase="C:\Users\jensh\OneDrive\Skrivebord\Skole\UiA høst 2024\vs-24\KartverketGruppe5\KartverketGruppe5.Tests\bin\Debug\net8.0\KartverketGruppe5.Tests.dll" adapterTypeName="executor://xunit/VsTestRunner2/netcoreapp" className="KartverketGruppe5.Tests.Controllers.MineInnmeldingerControllerTests" name="Index_WithBrukerId_ReturnsViewWithData" />
    </UnitTest>
    <UnitTest name="KartverketGruppe5.Tests.Services.LokasjonServiceTests.AddLokasjon_InvalidCoordinates_ThrowsArgumentOutOfRangeException(latitude: -91, longitude: 0)" storage="c:\users\jensh\onedrive\skrivebord\skole\uia høst 2024\vs-24\kartverketgruppe5\kartverketgruppe5.tests\bin\debug\net8.0\kartverketgruppe5.tests.dll" id="c2148a83-0117-1636-7872-480ada37be04">
      <Execution id="910900d6-076a-41fd-b131-778dac14f379" />
      <TestMethod codeBase="C:\Users\jensh\OneDrive\Skrivebord\Skole\UiA høst 2024\vs-24\KartverketGruppe5\KartverketGruppe5.Tests\bin\Debug\net8.0\KartverketGruppe5.Tests.dll" adapterTypeName="executor://xunit/VsTestRunner2/netcoreapp" className="KartverketGruppe5.Tests.Services.LokasjonServiceTests" name="AddLokasjon_InvalidCoordinates_ThrowsArgumentOutOfRangeException" />
    </UnitTest>
    <UnitTest name="KartverketGruppe5.Tests.Services.LokasjonServiceTests.GetLokasjonById_ExistingId_ReturnsLokasjon" storage="c:\users\jensh\onedrive\skrivebord\skole\uia høst 2024\vs-24\kartverketgruppe5\kartverketgruppe5.tests\bin\debug\net8.0\kartverketgruppe5.tests.dll" id="9455adeb-ca38-7e38-859b-22ce624e971e">
      <Execution id="92cf754d-b56e-4f69-aae0-12d4d4bd97d2" />
      <TestMethod codeBase="C:\Users\jensh\OneDrive\Skrivebord\Skole\UiA høst 2024\vs-24\KartverketGruppe5\KartverketGruppe5.Tests\bin\Debug\net8.0\KartverketGruppe5.Tests.dll" adapterTypeName="executor://xunit/VsTestRunner2/netcoreapp" className="KartverketGruppe5.Tests.Services.LokasjonServiceTests" name="GetLokasjonById_ExistingId_ReturnsLokasjon" />
    </UnitTest>
    <UnitTest name="KartverketGruppe5.Tests.Controllers.MinProfilControllerTests.Index_WithValidEmail_ReturnsView" storage="c:\users\jensh\onedrive\skrivebord\skole\uia høst 2024\vs-24\kartverketgruppe5\kartverketgruppe5.tests\bin\debug\net8.0\kartverketgruppe5.tests.dll" id="d6fbade1-e071-c28a-fdb9-8b177453238d">
      <Execution id="2031f888-683b-4fc7-be7f-a4f3ba5d97ab" />
      <TestMethod codeBase="C:\Users\jensh\OneDrive\Skrivebord\Skole\UiA høst 2024\vs-24\KartverketGruppe5\KartverketGruppe5.Tests\bin\Debug\net8.0\KartverketGruppe5.Tests.dll" adapterTypeName="executor://xunit/VsTestRunner2/netcoreapp" className="KartverketGruppe5.Tests.Controllers.MinProfilControllerTests" name="Index_WithValidEmail_ReturnsView" />
    </UnitTest>
    <UnitTest name="KartverketGruppe5.Tests.Services.BrukerServiceTests.CreateBruker_ExistingEmail_ReturnsFalse" storage="c:\users\jensh\onedrive\skrivebord\skole\uia høst 2024\vs-24\kartverketgruppe5\kartverketgruppe5.tests\bin\debug\net8.0\kartverketgruppe5.tests.dll" id="834df191-5ad4-b6ff-c895-4a8913465583">
      <Execution id="0dcdffe9-6754-48e5-8c8d-61a86751fa37" />
      <TestMethod codeBase="C:\Users\jensh\OneDrive\Skrivebord\Skole\UiA høst 2024\vs-24\KartverketGruppe5\KartverketGruppe5.Tests\bin\Debug\net8.0\KartverketGruppe5.Tests.dll" adapterTypeName="executor://xunit/VsTestRunner2/netcoreapp" className="KartverketGruppe5.Tests.Services.BrukerServiceTests" name="CreateBruker_ExistingEmail_ReturnsFalse" />
    </UnitTest>
    <UnitTest name="KartverketGruppe5.Tests.Controllers.MineSakerControllerTests.FullforBehandling_Success_RedirectsToIndex" storage="c:\users\jensh\onedrive\skrivebord\skole\uia høst 2024\vs-24\kartverketgruppe5\kartverketgruppe5.tests\bin\debug\net8.0\kartverketgruppe5.tests.dll" id="78ba2681-7c01-7cf9-4e0a-4e47c8649fc0">
      <Execution id="92729a30-324b-461a-aa67-36f0bab546b5" />
      <TestMethod codeBase="C:\Users\jensh\OneDrive\Skrivebord\Skole\UiA høst 2024\vs-24\KartverketGruppe5\KartverketGruppe5.Tests\bin\Debug\net8.0\KartverketGruppe5.Tests.dll" adapterTypeName="executor://xunit/VsTestRunner2/netcoreapp" className="KartverketGruppe5.Tests.Controllers.MineSakerControllerTests" name="FullforBehandling_Success_RedirectsToIndex" />
    </UnitTest>
    <UnitTest name="KartverketGruppe5.Tests.Services.LokasjonServiceTests.AddLokasjon_InvalidCoordinates_ThrowsArgumentOutOfRangeException(latitude: 0, longitude: -181)" storage="c:\users\jensh\onedrive\skrivebord\skole\uia høst 2024\vs-24\kartverketgruppe5\kartverketgruppe5.tests\bin\debug\net8.0\kartverketgruppe5.tests.dll" id="1522e5c0-9e6d-bdd8-ee74-2c9a776c78a2">
      <Execution id="c333debd-f287-4489-ad0d-40a79e11dfc9" />
      <TestMethod codeBase="C:\Users\jensh\OneDrive\Skrivebord\Skole\UiA høst 2024\vs-24\KartverketGruppe5\KartverketGruppe5.Tests\bin\Debug\net8.0\KartverketGruppe5.Tests.dll" adapterTypeName="executor://xunit/VsTestRunner2/netcoreapp" className="KartverketGruppe5.Tests.Services.LokasjonServiceTests" name="AddLokasjon_InvalidCoordinates_ThrowsArgumentOutOfRangeException" />
    </UnitTest>
    <UnitTest name="KartverketGruppe5.Tests.Services.KommunePopulateServiceTests.GetFylkesnavnFromKommunenummer_ValidKommunenummer_ReturnsFylkesnavn(kommunenummer: &quot;0301&quot;, expectedFylke: &quot;Oslo&quot;)" storage="c:\users\jensh\onedrive\skrivebord\skole\uia høst 2024\vs-24\kartverketgruppe5\kartverketgruppe5.tests\bin\debug\net8.0\kartverketgruppe5.tests.dll" id="9677a9db-8fdd-c58a-87ff-3e0132b2a53b">
      <Execution id="5948f403-a343-4daf-803c-ff099eff0efa" />
      <TestMethod codeBase="C:\Users\jensh\OneDrive\Skrivebord\Skole\UiA høst 2024\vs-24\KartverketGruppe5\KartverketGruppe5.Tests\bin\Debug\net8.0\KartverketGruppe5.Tests.dll" adapterTypeName="executor://xunit/VsTestRunner2/netcoreapp" className="KartverketGruppe5.Tests.Services.KommunePopulateServiceTests" name="GetFylkesnavnFromKommunenummer_ValidKommunenummer_ReturnsFylkesnavn" />
    </UnitTest>
    <UnitTest name="KartverketGruppe5.Tests.Controllers.AdminControllerTests.Index_WhenExceptionOccurs_RedirectsToHomeWithError" storage="c:\users\jensh\onedrive\skrivebord\skole\uia høst 2024\vs-24\kartverketgruppe5\kartverketgruppe5.tests\bin\debug\net8.0\kartverketgruppe5.tests.dll" id="d247e63f-6052-3ad6-ac98-83b6b682d20b">
      <Execution id="8834d69f-2caa-40cf-b83d-b204125e6eb9" />
      <TestMethod codeBase="C:\Users\jensh\OneDrive\Skrivebord\Skole\UiA høst 2024\vs-24\KartverketGruppe5\KartverketGruppe5.Tests\bin\Debug\net8.0\KartverketGruppe5.Tests.dll" adapterTypeName="executor://xunit/VsTestRunner2/netcoreapp" className="KartverketGruppe5.Tests.Controllers.AdminControllerTests" name="Index_WhenExceptionOccurs_RedirectsToHomeWithError" />
    </UnitTest>
    <UnitTest name="KartverketGruppe5.Tests.Services.InnmeldingServiceTests.GetInnmeldingById_NonExistingId_ThrowsKeyNotFoundException" storage="c:\users\jensh\onedrive\skrivebord\skole\uia høst 2024\vs-24\kartverketgruppe5\kartverketgruppe5.tests\bin\debug\net8.0\kartverketgruppe5.tests.dll" id="75c6cb9e-1840-0a5e-65cf-7110d35fdc86">
      <Execution id="52858cf2-4a45-4fb7-ab69-2369c1b56072" />
      <TestMethod codeBase="C:\Users\jensh\OneDrive\Skrivebord\Skole\UiA høst 2024\vs-24\KartverketGruppe5\KartverketGruppe5.Tests\bin\Debug\net8.0\KartverketGruppe5.Tests.dll" adapterTypeName="executor://xunit/VsTestRunner2/netcoreapp" className="KartverketGruppe5.Tests.Services.InnmeldingServiceTests" name="GetInnmeldingById_NonExistingId_ThrowsKeyNotFoundException" />
    </UnitTest>
    <UnitTest name="KartverketGruppe5.Tests.UnitTest1.Test1" storage="c:\users\jensh\onedrive\skrivebord\skole\uia høst 2024\vs-24\kartverketgruppe5\kartverketgruppe5.tests\bin\debug\net8.0\kartverketgruppe5.tests.dll" id="e5504c7a-0522-8fbf-439f-fed9e822716a">
      <Execution id="48be49ca-b05d-4ca2-8467-adaef7d59c1b" />
      <TestMethod codeBase="C:\Users\jensh\OneDrive\Skrivebord\Skole\UiA høst 2024\vs-24\KartverketGruppe5\KartverketGruppe5.Tests\bin\Debug\net8.0\KartverketGruppe5.Tests.dll" adapterTypeName="executor://xunit/VsTestRunner2/netcoreapp" className="KartverketGruppe5.Tests.UnitTest1" name="Test1" />
    </UnitTest>
    <UnitTest name="KartverketGruppe5.Tests.Controllers.MinProfilControllerTests.OppdaterBruker_WithoutEmail_RedirectsToLogin" storage="c:\users\jensh\onedrive\skrivebord\skole\uia høst 2024\vs-24\kartverketgruppe5\kartverketgruppe5.tests\bin\debug\net8.0\kartverketgruppe5.tests.dll" id="b609b02b-6e70-d1bb-1470-d9371b226621">
      <Execution id="2fca76ca-a0b6-4673-8eb6-b55c4cb21f71" />
      <TestMethod codeBase="C:\Users\jensh\OneDrive\Skrivebord\Skole\UiA høst 2024\vs-24\KartverketGruppe5\KartverketGruppe5.Tests\bin\Debug\net8.0\KartverketGruppe5.Tests.dll" adapterTypeName="executor://xunit/VsTestRunner2/netcoreapp" className="KartverketGruppe5.Tests.Controllers.MinProfilControllerTests" name="OppdaterBruker_WithoutEmail_RedirectsToLogin" />
    </UnitTest>
    <UnitTest name="KartverketGruppe5.Tests.Controllers.SaksbehandlingControllerTests.SearchKommuner_ReturnsJsonResult" storage="c:\users\jensh\onedrive\skrivebord\skole\uia høst 2024\vs-24\kartverketgruppe5\kartverketgruppe5.tests\bin\debug\net8.0\kartverketgruppe5.tests.dll" id="24fb06ac-1b9b-fd2f-d2f3-c1550fff086a">
      <Execution id="bd4ccd32-58e2-4a4e-9c0b-01a5eeffd199" />
      <TestMethod codeBase="C:\Users\jensh\OneDrive\Skrivebord\Skole\UiA høst 2024\vs-24\KartverketGruppe5\KartverketGruppe5.Tests\bin\Debug\net8.0\KartverketGruppe5.Tests.dll" adapterTypeName="executor://xunit/VsTestRunner2/netcoreapp" className="KartverketGruppe5.Tests.Controllers.SaksbehandlingControllerTests" name="SearchKommuner_ReturnsJsonResult" />
    </UnitTest>
    <UnitTest name="KartverketGruppe5.Tests.Services.KommunePopulateServiceTests.PopulateFylkerOgKommuner_WithNewKommune_UpdatesDatabase" storage="c:\users\jensh\onedrive\skrivebord\skole\uia høst 2024\vs-24\kartverketgruppe5\kartverketgruppe5.tests\bin\debug\net8.0\kartverketgruppe5.tests.dll" id="7d56214d-3bc5-474b-7341-6442d14c4108">
      <Execution id="7c6212f7-6ba0-4b2e-b3f1-8f2c7ee2fa02" />
      <TestMethod codeBase="C:\Users\jensh\OneDrive\Skrivebord\Skole\UiA høst 2024\vs-24\KartverketGruppe5\KartverketGruppe5.Tests\bin\Debug\net8.0\KartverketGruppe5.Tests.dll" adapterTypeName="executor://xunit/VsTestRunner2/netcoreapp" className="KartverketGruppe5.Tests.Services.KommunePopulateServiceTests" name="PopulateFylkerOgKommuner_WithNewKommune_UpdatesDatabase" />
    </UnitTest>
    <UnitTest name="KartverketGruppe5.Tests.Services.KommuneServiceTests.GetKommuneById_ExistingId_ReturnsKommune" storage="c:\users\jensh\onedrive\skrivebord\skole\uia høst 2024\vs-24\kartverketgruppe5\kartverketgruppe5.tests\bin\debug\net8.0\kartverketgruppe5.tests.dll" id="4f956e67-517a-d2d4-071b-cfa40befaa20">
      <Execution id="8571bd8a-d1dc-400f-939f-4813e2476940" />
      <TestMethod codeBase="C:\Users\jensh\OneDrive\Skrivebord\Skole\UiA høst 2024\vs-24\KartverketGruppe5\KartverketGruppe5.Tests\bin\Debug\net8.0\KartverketGruppe5.Tests.dll" adapterTypeName="executor://xunit/VsTestRunner2/netcoreapp" className="KartverketGruppe5.Tests.Services.KommuneServiceTests" name="GetKommuneById_ExistingId_ReturnsKommune" />
    </UnitTest>
    <UnitTest name="KartverketGruppe5.Tests.Services.KommuneServiceTests.SearchKommuner_WithValidSearchTerm_ReturnsMatchingKommuner" storage="c:\users\jensh\onedrive\skrivebord\skole\uia høst 2024\vs-24\kartverketgruppe5\kartverketgruppe5.tests\bin\debug\net8.0\kartverketgruppe5.tests.dll" id="82aad793-9770-3aef-3a3a-4043928a3f65">
      <Execution id="0580ada8-1959-4abe-8d07-8df96d732c0e" />
      <TestMethod codeBase="C:\Users\jensh\OneDrive\Skrivebord\Skole\UiA høst 2024\vs-24\KartverketGruppe5\KartverketGruppe5.Tests\bin\Debug\net8.0\KartverketGruppe5.Tests.dll" adapterTypeName="executor://xunit/VsTestRunner2/netcoreapp" className="KartverketGruppe5.Tests.Services.KommuneServiceTests" name="SearchKommuner_WithValidSearchTerm_ReturnsMatchingKommuner" />
    </UnitTest>
    <UnitTest name="KartverketGruppe5.Tests.Services.NotificationServiceTests.Constructor_NullHttpContext_ThrowsArgumentNullException" storage="c:\users\jensh\onedrive\skrivebord\skole\uia høst 2024\vs-24\kartverketgruppe5\kartverketgruppe5.tests\bin\debug\net8.0\kartverketgruppe5.tests.dll" id="157e8ff0-5523-d420-a21f-11bdd1048867">
      <Execution id="54a5816a-96ae-42b7-830e-50f7e80d15d5" />
      <TestMethod codeBase="C:\Users\jensh\OneDrive\Skrivebord\Skole\UiA høst 2024\vs-24\KartverketGruppe5\KartverketGruppe5.Tests\bin\Debug\net8.0\KartverketGruppe5.Tests.dll" adapterTypeName="executor://xunit/VsTestRunner2/netcoreapp" className="KartverketGruppe5.Tests.Services.NotificationServiceTests" name="Constructor_NullHttpContext_ThrowsArgumentNullException" />
    </UnitTest>
    <UnitTest name="KartverketGruppe5.Tests.Controllers.AdminControllerTests.Register_Post_InvalidModel_ReturnsViewWithModel" storage="c:\users\jensh\onedrive\skrivebord\skole\uia høst 2024\vs-24\kartverketgruppe5\kartverketgruppe5.tests\bin\debug\net8.0\kartverketgruppe5.tests.dll" id="a7ed71c6-0f18-d14f-9f4d-c747cd7d536f">
      <Execution id="cffdae67-4b0c-4556-8594-b7d352608ac3" />
      <TestMethod codeBase="C:\Users\jensh\OneDrive\Skrivebord\Skole\UiA høst 2024\vs-24\KartverketGruppe5\KartverketGruppe5.Tests\bin\Debug\net8.0\KartverketGruppe5.Tests.dll" adapterTypeName="executor://xunit/VsTestRunner2/netcoreapp" className="KartverketGruppe5.Tests.Controllers.AdminControllerTests" name="Register_Post_InvalidModel_ReturnsViewWithModel" />
    </UnitTest>
    <UnitTest name="KartverketGruppe5.Tests.Controllers.MinProfilControllerTests.OppdaterBruker_Success_RedirectsToIndex" storage="c:\users\jensh\onedrive\skrivebord\skole\uia høst 2024\vs-24\kartverketgruppe5\kartverketgruppe5.tests\bin\debug\net8.0\kartverketgruppe5.tests.dll" id="15eaacd4-47cb-a9f5-e107-b73b71d0b702">
      <Execution id="70d98a24-7d59-4db3-91e6-e829692ada2f" />
      <TestMethod codeBase="C:\Users\jensh\OneDrive\Skrivebord\Skole\UiA høst 2024\vs-24\KartverketGruppe5\KartverketGruppe5.Tests\bin\Debug\net8.0\KartverketGruppe5.Tests.dll" adapterTypeName="executor://xunit/VsTestRunner2/netcoreapp" className="KartverketGruppe5.Tests.Controllers.MinProfilControllerTests" name="OppdaterBruker_Success_RedirectsToIndex" />
    </UnitTest>
    <UnitTest name="KartverketGruppe5.Tests.Controllers.LoginControllerTests.HandleLogin_ValidBruker_RedirectsToHome" storage="c:\users\jensh\onedrive\skrivebord\skole\uia høst 2024\vs-24\kartverketgruppe5\kartverketgruppe5.tests\bin\debug\net8.0\kartverketgruppe5.tests.dll" id="2b9ab60e-e399-a1c6-4d06-064542745cb9">
      <Execution id="154e7f5e-89b1-4b1e-bdee-36f15443dedc" />
      <TestMethod codeBase="C:\Users\jensh\OneDrive\Skrivebord\Skole\UiA høst 2024\vs-24\KartverketGruppe5\KartverketGruppe5.Tests\bin\Debug\net8.0\KartverketGruppe5.Tests.dll" adapterTypeName="executor://xunit/VsTestRunner2/netcoreapp" className="KartverketGruppe5.Tests.Controllers.LoginControllerTests" name="HandleLogin_ValidBruker_RedirectsToHome" />
    </UnitTest>
    <UnitTest name="KartverketGruppe5.Tests.Services.FylkeServiceTests.GetAllFylker_EmptyList_ReturnsEmptyList" storage="c:\users\jensh\onedrive\skrivebord\skole\uia høst 2024\vs-24\kartverketgruppe5\kartverketgruppe5.tests\bin\debug\net8.0\kartverketgruppe5.tests.dll" id="7954faff-3860-4dea-e122-8c87587a44bc">
      <Execution id="f30980f9-3a26-460c-9214-aadfa6bb0a97" />
      <TestMethod codeBase="C:\Users\jensh\OneDrive\Skrivebord\Skole\UiA høst 2024\vs-24\KartverketGruppe5\KartverketGruppe5.Tests\bin\Debug\net8.0\KartverketGruppe5.Tests.dll" adapterTypeName="executor://xunit/VsTestRunner2/netcoreapp" className="KartverketGruppe5.Tests.Services.FylkeServiceTests" name="GetAllFylker_EmptyList_ReturnsEmptyList" />
    </UnitTest>
    <UnitTest name="KartverketGruppe5.Tests.Services.KommuneServiceTests.GetAllKommuner_ReturnsListOfKommuner" storage="c:\users\jensh\onedrive\skrivebord\skole\uia høst 2024\vs-24\kartverketgruppe5\kartverketgruppe5.tests\bin\debug\net8.0\kartverketgruppe5.tests.dll" id="5e61d7ff-4cd9-6552-108e-e9cfc7a23a28">
      <Execution id="b8753f93-405b-42b7-a949-9ccfdd5dbb50" />
      <TestMethod codeBase="C:\Users\jensh\OneDrive\Skrivebord\Skole\UiA høst 2024\vs-24\KartverketGruppe5\KartverketGruppe5.Tests\bin\Debug\net8.0\KartverketGruppe5.Tests.dll" adapterTypeName="executor://xunit/VsTestRunner2/netcoreapp" className="KartverketGruppe5.Tests.Services.KommuneServiceTests" name="GetAllKommuner_ReturnsListOfKommuner" />
    </UnitTest>
    <UnitTest name="KartverketGruppe5.Tests.Services.LokasjonServiceTests.GetAllLokasjoner_ReturnsListOfLokasjoner" storage="c:\users\jensh\onedrive\skrivebord\skole\uia høst 2024\vs-24\kartverketgruppe5\kartverketgruppe5.tests\bin\debug\net8.0\kartverketgruppe5.tests.dll" id="48b1df19-1210-8b41-2047-1352a9288523">
      <Execution id="c7d24904-b954-4498-b3fb-4f1866dd64bf" />
      <TestMethod codeBase="C:\Users\jensh\OneDrive\Skrivebord\Skole\UiA høst 2024\vs-24\KartverketGruppe5\KartverketGruppe5.Tests\bin\Debug\net8.0\KartverketGruppe5.Tests.dll" adapterTypeName="executor://xunit/VsTestRunner2/netcoreapp" className="KartverketGruppe5.Tests.Services.LokasjonServiceTests" name="GetAllLokasjoner_ReturnsListOfLokasjoner" />
    </UnitTest>
    <UnitTest name="KartverketGruppe5.Tests.Controllers.SaksbehandlingControllerTests.Behandle_Success_RedirectsToMineSaker" storage="c:\users\jensh\onedrive\skrivebord\skole\uia høst 2024\vs-24\kartverketgruppe5\kartverketgruppe5.tests\bin\debug\net8.0\kartverketgruppe5.tests.dll" id="24c1b5a4-cbca-ae2b-9dbb-bb2dd79d08c5">
      <Execution id="11fe3386-c9de-4239-bc0d-ce2000fe204a" />
      <TestMethod codeBase="C:\Users\jensh\OneDrive\Skrivebord\Skole\UiA høst 2024\vs-24\KartverketGruppe5\KartverketGruppe5.Tests\bin\Debug\net8.0\KartverketGruppe5.Tests.dll" adapterTypeName="executor://xunit/VsTestRunner2/netcoreapp" className="KartverketGruppe5.Tests.Controllers.SaksbehandlingControllerTests" name="Behandle_Success_RedirectsToMineSaker" />
    </UnitTest>
    <UnitTest name="KartverketGruppe5.Tests.Services.InnmeldingServiceTests.UpdateInnmeldingStatus_ValidData_ReturnsTrue" storage="c:\users\jensh\onedrive\skrivebord\skole\uia høst 2024\vs-24\kartverketgruppe5\kartverketgruppe5.tests\bin\debug\net8.0\kartverketgruppe5.tests.dll" id="b9129975-d67a-54b6-8820-e0d9d2f9e332">
      <Execution id="ee9d9e7a-039d-403a-b7eb-e21d9e19ba5c" />
      <TestMethod codeBase="C:\Users\jensh\OneDrive\Skrivebord\Skole\UiA høst 2024\vs-24\KartverketGruppe5\KartverketGruppe5.Tests\bin\Debug\net8.0\KartverketGruppe5.Tests.dll" adapterTypeName="executor://xunit/VsTestRunner2/netcoreapp" className="KartverketGruppe5.Tests.Services.InnmeldingServiceTests" name="UpdateInnmeldingStatus_ValidData_ReturnsTrue" />
    </UnitTest>
    <UnitTest name="KartverketGruppe5.Tests.Services.LokasjonServiceTests.AddLokasjon_ValidData_ReturnsId" storage="c:\users\jensh\onedrive\skrivebord\skole\uia høst 2024\vs-24\kartverketgruppe5\kartverketgruppe5.tests\bin\debug\net8.0\kartverketgruppe5.tests.dll" id="21c637b2-2914-eed1-501c-5acd776d709f">
      <Execution id="f8dbdc77-14e9-49ac-b277-cfea7e7785a1" />
      <TestMethod codeBase="C:\Users\jensh\OneDrive\Skrivebord\Skole\UiA høst 2024\vs-24\KartverketGruppe5\KartverketGruppe5.Tests\bin\Debug\net8.0\KartverketGruppe5.Tests.dll" adapterTypeName="executor://xunit/VsTestRunner2/netcoreapp" className="KartverketGruppe5.Tests.Services.LokasjonServiceTests" name="AddLokasjon_ValidData_ReturnsId" />
    </UnitTest>
    <UnitTest name="KartverketGruppe5.Tests.Services.PasswordServiceTests.HashPassword_DifferentPasswords_ReturnsDifferentHashes" storage="c:\users\jensh\onedrive\skrivebord\skole\uia høst 2024\vs-24\kartverketgruppe5\kartverketgruppe5.tests\bin\debug\net8.0\kartverketgruppe5.tests.dll" id="5cb60a53-5f65-3f51-9db1-d141f14573a8">
      <Execution id="a68206cb-37cf-4e54-a5f4-549badf3f947" />
      <TestMethod codeBase="C:\Users\jensh\OneDrive\Skrivebord\Skole\UiA høst 2024\vs-24\KartverketGruppe5\KartverketGruppe5.Tests\bin\Debug\net8.0\KartverketGruppe5.Tests.dll" adapterTypeName="executor://xunit/VsTestRunner2/netcoreapp" className="KartverketGruppe5.Tests.Services.PasswordServiceTests" name="HashPassword_DifferentPasswords_ReturnsDifferentHashes" />
    </UnitTest>
    <UnitTest name="KartverketGruppe5.Tests.Controllers.MineSakerControllerTests.Index_WithSaksbehandlerId_ReturnsViewWithData" storage="c:\users\jensh\onedrive\skrivebord\skole\uia høst 2024\vs-24\kartverketgruppe5\kartverketgruppe5.tests\bin\debug\net8.0\kartverketgruppe5.tests.dll" id="adaa0298-b3a9-780a-bd39-3a2d99756809">
      <Execution id="9b69c59e-d562-4f4b-975e-d6d262a23d32" />
      <TestMethod codeBase="C:\Users\jensh\OneDrive\Skrivebord\Skole\UiA høst 2024\vs-24\KartverketGruppe5\KartverketGruppe5.Tests\bin\Debug\net8.0\KartverketGruppe5.Tests.dll" adapterTypeName="executor://xunit/VsTestRunner2/netcoreapp" className="KartverketGruppe5.Tests.Controllers.MineSakerControllerTests" name="Index_WithSaksbehandlerId_ReturnsViewWithData" />
    </UnitTest>
    <UnitTest name="KartverketGruppe5.Tests.Services.BrukerServiceTests.GetBrukerByEmail_ExistingEmail_ReturnsBruker" storage="c:\users\jensh\onedrive\skrivebord\skole\uia høst 2024\vs-24\kartverketgruppe5\kartverketgruppe5.tests\bin\debug\net8.0\kartverketgruppe5.tests.dll" id="edc3b7b7-f6fb-67e0-c9f7-ac57a40a2a0e">
      <Execution id="3288e0bb-8943-47fe-918c-48cbf9e74840" />
      <TestMethod codeBase="C:\Users\jensh\OneDrive\Skrivebord\Skole\UiA høst 2024\vs-24\KartverketGruppe5\KartverketGruppe5.Tests\bin\Debug\net8.0\KartverketGruppe5.Tests.dll" adapterTypeName="executor://xunit/VsTestRunner2/netcoreapp" className="KartverketGruppe5.Tests.Services.BrukerServiceTests" name="GetBrukerByEmail_ExistingEmail_ReturnsBruker" />
    </UnitTest>
    <UnitTest name="KartverketGruppe5.Tests.Controllers.LoginControllerTests.HandleLogin_ValidSaksbehandler_RedirectsToHome" storage="c:\users\jensh\onedrive\skrivebord\skole\uia høst 2024\vs-24\kartverketgruppe5\kartverketgruppe5.tests\bin\debug\net8.0\kartverketgruppe5.tests.dll" id="4f37232a-4b82-eb1d-beca-c8fffa1316fa">
      <Execution id="eae626e9-8087-4386-bef8-dfd515a4bb7a" />
      <TestMethod codeBase="C:\Users\jensh\OneDrive\Skrivebord\Skole\UiA høst 2024\vs-24\KartverketGruppe5\KartverketGruppe5.Tests\bin\Debug\net8.0\KartverketGruppe5.Tests.dll" adapterTypeName="executor://xunit/VsTestRunner2/netcoreapp" className="KartverketGruppe5.Tests.Controllers.LoginControllerTests" name="HandleLogin_ValidSaksbehandler_RedirectsToHome" />
    </UnitTest>
    <UnitTest name="KartverketGruppe5.Tests.Services.BrukerServiceTests.VerifyPassword_ValidPassword_ReturnsTrue" storage="c:\users\jensh\onedrive\skrivebord\skole\uia høst 2024\vs-24\kartverketgruppe5\kartverketgruppe5.tests\bin\debug\net8.0\kartverketgruppe5.tests.dll" id="87029dcd-e96e-6217-2c16-3c163e56d8bd">
      <Execution id="ff48cfdc-8d59-40e9-8fb0-70fb488a0445" />
      <TestMethod codeBase="C:\Users\jensh\OneDrive\Skrivebord\Skole\UiA høst 2024\vs-24\KartverketGruppe5\KartverketGruppe5.Tests\bin\Debug\net8.0\KartverketGruppe5.Tests.dll" adapterTypeName="executor://xunit/VsTestRunner2/netcoreapp" className="KartverketGruppe5.Tests.Services.BrukerServiceTests" name="VerifyPassword_ValidPassword_ReturnsTrue" />
    </UnitTest>
    <UnitTest name="KartverketGruppe5.Tests.Controllers.LoginControllerTests.HandleLogin_InvalidCredentials_ReturnsViewWithError" storage="c:\users\jensh\onedrive\skrivebord\skole\uia høst 2024\vs-24\kartverketgruppe5\kartverketgruppe5.tests\bin\debug\net8.0\kartverketgruppe5.tests.dll" id="b5764c73-00de-e051-a5dc-c7b8b7836ec8">
      <Execution id="ef713aa5-be97-4a31-a070-1bef917c954e" />
      <TestMethod codeBase="C:\Users\jensh\OneDrive\Skrivebord\Skole\UiA høst 2024\vs-24\KartverketGruppe5\KartverketGruppe5.Tests\bin\Debug\net8.0\KartverketGruppe5.Tests.dll" adapterTypeName="executor://xunit/VsTestRunner2/netcoreapp" className="KartverketGruppe5.Tests.Controllers.LoginControllerTests" name="HandleLogin_InvalidCredentials_ReturnsViewWithError" />
    </UnitTest>
    <UnitTest name="KartverketGruppe5.Tests.Services.LokasjonServiceTests.AddLokasjon_InvalidGeometriType_ThrowsArgumentException" storage="c:\users\jensh\onedrive\skrivebord\skole\uia høst 2024\vs-24\kartverketgruppe5\kartverketgruppe5.tests\bin\debug\net8.0\kartverketgruppe5.tests.dll" id="8f43661a-2f7e-08e4-833e-67afae94b93b">
      <Execution id="57411f09-565f-46d9-be19-a4b8d60ef00f" />
[...]
    </UnitTest>
    <UnitTest name="KartverketGruppe5.Tests.Services.SaksbehandlerServiceTests.GetSaksbehandlerById_NonExistingId_ReturnsNull" storage="c:\users\jensh\onedrive\skrivebord\skole\uia høst 2024\vs-24\kartverketgruppe5\kartverketgruppe5.tests\bin\debug\net8.0\kartverketgruppe5.tests.dll" id="1293dc01-fda0-669a-26eb-9dc569561b0b">
      <Execution id="4b1aab83-0543-46cc-84f5-fd7838b19c3b" />
      <TestMethod codeBase="C:\Users\jensh\OneDrive\Skrivebord\Skole\UiA høst 2024\vs-24\KartverketGruppe5\KartverketGruppe5.Tests\bin\Debug\net8.0\KartverketGruppe5.Tests.dll" adapterTypeName="executor://xunit/VsTestRunner2/netcoreapp" className="KartverketGruppe5.Tests.Services.SaksbehandlerServiceTests" name="GetSaksbehandlerById_NonExistingId_ReturnsNull" />
    </UnitTest>
    <UnitTest name="KartverketGruppe5.Tests.Services.KommuneServiceTests.GetKommuneById_NonExistingId_ReturnsNull" storage="c:\users\jensh\onedrive\skrivebord\skole\uia høst 2024\vs-24\kartverketgruppe5\kartverketgruppe5.tests\bin\debug\net8.0\kartverketgruppe5.tests.dll" id="aad4e63f-f12c-8b1d-646b-1413b6cd25e9">
      <Execution id="162f73a9-24fe-453d-8471-1c89bcc6dbf8" />
      <TestMethod codeBase="C:\Users\jensh\OneDrive\Skrivebord\Skole\UiA høst 2024\vs-24\KartverketGruppe5\KartverketGruppe5.Tests\bin\Debug\net8.0\KartverketGruppe5.Tests.dll" adapterTypeName="executor://xunit/VsTestRunner2/netcoreapp" className="KartverketGruppe5.Tests.Services.KommuneServiceTests" name="GetKommuneById_NonExistingId_ReturnsNull" />
    </UnitTest>
    <UnitTest name="KartverketGruppe5.Tests.Services.InnmeldingServiceTests.GetInnmeldingById_ExistingId_ReturnsInnmelding" storage="c:\users\jensh\onedrive\skrivebord\skole\uia høst 2024\vs-24\kartverketgruppe5\kartverketgruppe5.tests\bin\debug\net8.0\kartverketgruppe5.tests.dll" id="d056d61a-231b-5edf-ad22-46c9676aa534">
      <Execution id="9b0fe314-0236-487b-9b27-56907233e2c4" />
      <TestMethod codeBase="C:\Users\jensh\OneDrive\Skrivebord\Skole\UiA høst 2024\vs-24\KartverketGruppe5\KartverketGruppe5.Tests\bin\Debug\net8.0\KartverketGruppe5.Tests.dll" adapterTypeName="executor://xunit/VsTestRunner2/netcoreapp" className="KartverketGruppe5.Tests.Services.InnmeldingServiceTests" name="GetInnmeldingById_ExistingId_ReturnsInnmelding" />
    </UnitTest>
    <UnitTest name="KartverketGruppe5.Tests.Services.KommunePopulateServiceTests.PopulateFylkerOgKommuner_NoChangesNeeded_ReturnsCorrectMessage" storage="c:\users\jensh\onedrive\skrivebord\skole\uia høst 2024\vs-24\kartverketgruppe5\kartverketgruppe5.tests\bin\debug\net8.0\kartverketgruppe5.tests.dll" id="d8a8280c-5f0c-553e-199b-819567a287ad">
      <Execution id="df0d80f5-8597-452c-87e3-e42bbdeaf34e" />
      <TestMethod codeBase="C:\Users\jensh\OneDrive\Skrivebord\Skole\UiA høst 2024\vs-24\KartverketGruppe5\KartverketGruppe5.Tests\bin\Debug\net8.0\KartverketGruppe5.Tests.dll" adapterTypeName="executor://xunit/VsTestRunner2/netcoreapp" className="KartverketGruppe5.Tests.Services.KommunePopulateServiceTests" name="PopulateFylkerOgKommuner_NoChangesNeeded_ReturnsCorrectMessage" />
    </UnitTest>
    <UnitTest name="KartverketGruppe5.Tests.Controllers.SaksbehandlingControllerTests.Videresend_Success_RedirectsToIndex" storage="c:\users\jensh\onedrive\skrivebord\skole\uia høst 2024\vs-24\kartverketgruppe5\kartverketgruppe5.tests\bin\debug\net8.0\kartverketgruppe5.tests.dll" id="6497b001-3621-1b71-b153-6c81900c5ee2">
      <Execution id="acd085fa-d4db-4ada-ba08-9dcf1e56986e" />
      <TestMethod codeBase="C:\Users\jensh\OneDrive\Skrivebord\Skole\UiA høst 2024\vs-24\KartverketGruppe5\KartverketGruppe5.Tests\bin\Debug\net8.0\KartverketGruppe5.Tests.dll" adapterTypeName="executor://xunit/VsTestRunner2/netcoreapp" className="KartverketGruppe5.Tests.Controllers.SaksbehandlingControllerTests" name="Videresend_Success_RedirectsToIndex" />
    </UnitTest>
    <UnitTest name="KartverketGruppe5.Tests.Controllers.MinProfilControllerTests.Index_WithoutEmail_RedirectsToLogin" storage="c:\users\jensh\onedrive\skrivebord\skole\uia høst 2024\vs-24\kartverketgruppe5\kartverketgruppe5.tests\bin\debug\net8.0\kartverketgruppe5.tests.dll" id="62c26d80-ad00-c891-58ba-c120190910c0">
      <Execution id="5d8338d7-8817-4302-9177-e700d608c429" />
      <TestMethod codeBase="C:\Users\jensh\OneDrive\Skrivebord\Skole\UiA høst 2024\vs-24\KartverketGruppe5\KartverketGruppe5.Tests\bin\Debug\net8.0\KartverketGruppe5.Tests.dll" adapterTypeName="executor://xunit/VsTestRunner2/netcoreapp" className="KartverketGruppe5.Tests.Controllers.MinProfilControllerTests" name="Index_WithoutEmail_RedirectsToLogin" />
    </UnitTest>
    <UnitTest name="KartverketGruppe5.Tests.Controllers.MineSakerControllerTests.Index_WithoutSaksbehandlerId_RedirectsToLogin" storage="c:\users\jensh\onedrive\skrivebord\skole\uia høst 2024\vs-24\kartverketgruppe5\kartverketgruppe5.tests\bin\debug\net8.0\kartverketgruppe5.tests.dll" id="9a5c04f3-c720-d047-7e8b-74dd71bf5f2a">
      <Execution id="27c06c30-cced-4d14-9b98-2e13e11a0959" />
      <TestMethod codeBase="C:\Users\jensh\OneDrive\Skrivebord\Skole\UiA høst 2024\vs-24\KartverketGruppe5\KartverketGruppe5.Tests\bin\Debug\net8.0\KartverketGruppe5.Tests.dll" adapterTypeName="executor://xunit/VsTestRunner2/netcoreapp" className="KartverketGruppe5.Tests.Controllers.MineSakerControllerTests" name="Index_WithoutSaksbehandlerId_RedirectsToLogin" />
    </UnitTest>
  </TestDefinitions>
  <TestEntries>
    <TestEntry testId="d056d61a-231b-5edf-ad22-46c9676aa534" executionId="9b0fe314-0236-487b-9b27-56907233e2c4" testListId="8c84fa94-04c1-424b-9868-57a2d4851a1d" />
    <TestEntry testId="7a9c57d4-cb69-2049-4309-8cb68c875449" executionId="afc71a8e-973b-4f27-bd06-26e792aa62a1" testListId="8c84fa94-04c1-424b-9868-57a2d4851a1d" />
    <TestEntry testId="7d56214d-3bc5-474b-7341-6442d14c4108" executionId="7c6212f7-6ba0-4b2e-b3f1-8f2c7ee2fa02" testListId="8c84fa94-04c1-424b-9868-57a2d4851a1d" />
    <TestEntry testId="eb6e78a1-92b7-7d24-bbe2-15fb4c438ff6" executionId="73fe300a-1c77-4641-9a36-9ade7e85d063" testListId="8c84fa94-04c1-424b-9868-57a2d4851a1d" />
    <TestEntry testId="3ac8534f-9ded-5434-1334-e47429762f90" executionId="98ee5b26-0a50-4dc0-a5f7-628cb3230341" testListId="8c84fa94-04c1-424b-9868-57a2d4851a1d" />
    <TestEntry testId="6497b001-3621-1b71-b153-6c81900c5ee2" executionId="acd085fa-d4db-4ada-ba08-9dcf1e56986e" testListId="8c84fa94-04c1-424b-9868-57a2d4851a1d" />
    <TestEntry testId="afd0a38b-fafd-0517-1a29-18d1b7b8a4c1" executionId="0fd1654c-1e84-4cc8-b6ea-34a0277d3998" testListId="8c84fa94-04c1-424b-9868-57a2d4851a1d" />
    <TestEntry testId="e5504c7a-0522-8fbf-439f-fed9e822716a" executionId="48be49ca-b05d-4ca2-8467-adaef7d59c1b" testListId="8c84fa94-04c1-424b-9868-57a2d4851a1d" />
    <TestEntry testId="adaa0298-b3a9-780a-bd39-3a2d99756809" executionId="9b69c59e-d562-4f4b-975e-d6d262a23d32" testListId="8c84fa94-04c1-424b-9868-57a2d4851a1d" />
    <TestEntry testId="d247e63f-6052-3ad6-ac98-83b6b682d20b" executionId="8834d69f-2caa-40cf-b83d-b204125e6eb9" testListId="8c84fa94-04c1-424b-9868-57a2d4851a1d" />
    <TestEntry testId="89e4159e-d909-7bf0-7751-1ee8b2dd6fe4" executionId="7b19e02f-147b-462b-817f-e4c6f564406f" testListId="8c84fa94-04c1-424b-9868-57a2d4851a1d" />
    <TestEntry testId="d8a8280c-5f0c-553e-199b-819567a287ad" executionId="df0d80f5-8597-452c-87e3-e42bbdeaf34e" testListId="8c84fa94-04c1-424b-9868-57a2d4851a1d" />
    <TestEntry testId="b25f4502-04ba-3b74-827c-85863284ba33" executionId="f5ed3bc5-1f5d-41d0-85e2-9980195c80b1" testListId="8c84fa94-04c1-424b-9868-57a2d4851a1d" />
    <TestEntry testId="5c54d527-3ffb-7df4-e68a-c5f95907903f" executionId="2ef1386e-658f-486d-b6bf-67bbef1180a7" testListId="8c84fa94-04c1-424b-9868-57a2d4851a1d" />
    <TestEntry testId="482f475f-51bb-de14-4abd-ff72bca3fda9" executionId="a01ca5f4-5730-4545-8ef3-f5a2da695e54" testListId="8c84fa94-04c1-424b-9868-57a2d4851a1d" />
    <TestEntry testId="656b8f45-dcf6-c23f-b3d2-f964a4257925" executionId="e6c92dfd-7b47-4d7a-8f31-2b731f6e7144" testListId="8c84fa94-04c1-424b-9868-57a2d4851a1d" />
    <TestEntry testId="82aad793-9770-3aef-3a3a-4043928a3f65" executionId="0580ada8-1959-4abe-8d07-8df96d732c0e" testListId="8c84fa94-04c1-424b-9868-57a2d4851a1d" />
    <TestEntry testId="5484e689-994e-15b4-7970-7218337a5961" executionId="e2321907-4718-41b2-bbd1-90273c6f24ee" testListId="8c84fa94-04c1-424b-9868-57a2d4851a1d" />
    <TestEntry testId="10d52369-536b-7e8f-9321-47c4091043b5" executionId="6219311b-92d2-4862-92f6-8ce7f7adf428" testListId="8c84fa94-04c1-424b-9868-57a2d4851a1d" />
    <TestEntry testId="b7329a2d-0460-6e53-c7cb-08ef88aa0eb4" executionId="37fd8d3f-233e-4bbc-9284-b38051f1bc13" testListId="8c84fa94-04c1-424b-9868-57a2d4851a1d" />
    <TestEntry testId="a52725e8-fc35-f650-b845-1e985b3e41bc" executionId="a2b6e619-0551-45ac-9835-0c6fa5b31ef2" testListId="8c84fa94-04c1-424b-9868-57a2d4851a1d" />
    <TestEntry testId="c2148a83-0117-1636-7872-480ada37be04" executionId="910900d6-076a-41fd-b131-778dac14f379" testListId="8c84fa94-04c1-424b-9868-57a2d4851a1d" />
    <TestEntry testId="394a667d-11d9-b27a-846c-c0d011b0da0a" executionId="a29b3a3a-b7f0-4e9a-9e58-179823d60c43" testListId="8c84fa94-04c1-424b-9868-57a2d4851a1d" />
    <TestEntry testId="70c3bcb8-e5e1-1b04-1f81-c7a1434a800a" executionId="86f4081d-4638-4811-969c-9a8c9519401e" testListId="8c84fa94-04c1-424b-9868-57a2d4851a1d" />
    <TestEntry testId="dcaed79a-5e6b-6dd5-a76d-42679f1073f6" executionId="4eec08dd-83a5-4d6b-9ff9-8669f8eb9c68" testListId="8c84fa94-04c1-424b-9868-57a2d4851a1d" />
    <TestEntry testId="5e61d7ff-4cd9-6552-108e-e9cfc7a23a28" executionId="b8753f93-405b-42b7-a949-9ccfdd5dbb50" testListId="8c84fa94-04c1-424b-9868-57a2d4851a1d" />
    <TestEntry testId="5cb60a53-5f65-3f51-9db1-d141f14573a8" executionId="a68206cb-37cf-4e54-a5f4-549badf3f947" testListId="8c84fa94-04c1-424b-9868-57a2d4851a1d" />
    <TestEntry testId="f016316d-083e-4290-dc45-323b39db966a" executionId="d6f90ad7-69ce-4e5e-bd96-870bc57c98ce" testListId="8c84fa94-04c1-424b-9868-57a2d4851a1d" />
    <TestEntry testId="79929a6a-1d8b-61de-6b5c-c0869902902a" executionId="00945a19-046b-47a9-8ecc-6bade5ea5e92" testListId="8c84fa94-04c1-424b-9868-57a2d4851a1d" />
    <TestEntry testId="1522e5c0-9e6d-bdd8-ee74-2c9a776c78a2" executionId="c333debd-f287-4489-ad0d-40a79e11dfc9" testListId="8c84fa94-04c1-424b-9868-57a2d4851a1d" />
    <TestEntry testId="7b150fa9-1e53-cd9a-b2c9-c64c7672a1f5" executionId="cb771242-5de9-49d9-9dfe-787cb407d9eb" testListId="8c84fa94-04c1-424b-9868-57a2d4851a1d" />
    <TestEntry testId="d77ec392-74f0-5941-1ec8-074269fe8fe4" executionId="251b4828-adfe-4402-bf9c-c4d71e6a366f" testListId="8c84fa94-04c1-424b-9868-57a2d4851a1d" />
    <TestEntry testId="ba3390b2-5b87-2141-04a3-f3ffc2e3e498" executionId="6492c610-2490-4027-bcce-395b56995820" testListId="8c84fa94-04c1-424b-9868-57a2d4851a1d" />
    <TestEntry testId="21c637b2-2914-eed1-501c-5acd776d709f" executionId="f8dbdc77-14e9-49ac-b277-cfea7e7785a1" testListId="8c84fa94-04c1-424b-9868-57a2d4851a1d" />
    <TestEntry testId="78ba2681-7c01-7cf9-4e0a-4e47c8649fc0" executionId="92729a30-324b-461a-aa67-36f0bab546b5" testListId="8c84fa94-04c1-424b-9868-57a2d4851a1d" />
    <TestEntry testId="aad4e63f-f12c-8b1d-646b-1413b6cd25e9" executionId="162f73a9-24fe-453d-8471-1c89bcc6dbf8" testListId="8c84fa94-04c1-424b-9868-57a2d4851a1d" />
    <TestEntry testId="5cc19828-8964-642c-0e99-9ef2a2f9ca98" executionId="aebf7284-4a3a-4a6b-81c3-bc66257340e7" testListId="8c84fa94-04c1-424b-9868-57a2d4851a1d" />
    <TestEntry testId="87029dcd-e96e-6217-2c16-3c163e56d8bd" executionId="ff48cfdc-8d59-40e9-8fb0-70fb488a0445" testListId="8c84fa94-04c1-424b-9868-57a2d4851a1d" />
    <TestEntry testId="137fc647-e308-a7de-6d8f-5c18c8f3a1e4" executionId="16500364-f01e-4f34-ba6e-ddd748019c41" testListId="8c84fa94-04c1-424b-9868-57a2d4851a1d" />
    <TestEntry testId="b9129975-d67a-54b6-8820-e0d9d2f9e332" executionId="ee9d9e7a-039d-403a-b7eb-e21d9e19ba5c" testListId="8c84fa94-04c1-424b-9868-57a2d4851a1d" />
    <TestEntry testId="aaad88fd-bd37-c791-9e11-c14e258affdb" executionId="2bcab3ec-8f81-4a00-9a01-e9839019a031" testListId="8c84fa94-04c1-424b-9868-57a2d4851a1d" />
    <TestEntry testId="b0e48ad7-6440-00b9-7308-15e07c557e14" executionId="bd3a1cc6-a8e3-4655-938f-71ba859ba8d4" testListId="8c84fa94-04c1-424b-9868-57a2d4851a1d" />
    <TestEntry testId="e79e6ec0-08a0-4086-5778-28b4a6d0c832" executionId="942b5c5a-8bf1-4779-ad05-1f48f107227c" testListId="8c84fa94-04c1-424b-9868-57a2d4851a1d" />
    <TestEntry testId="62c26d80-ad00-c891-58ba-c120190910c0" executionId="5d8338d7-8817-4302-9177-e700d608c429" testListId="8c84fa94-04c1-424b-9868-57a2d4851a1d" />
    <TestEntry testId="1789f700-f68d-9afe-b056-e5593f1e6539" executionId="2708c675-b039-401b-9682-124f5dc702dd" testListId="8c84fa94-04c1-424b-9868-57a2d4851a1d" />
    <TestEntry testId="d6fbade1-e071-c28a-fdb9-8b177453238d" executionId="2031f888-683b-4fc7-be7f-a4f3ba5d97ab" testListId="8c84fa94-04c1-424b-9868-57a2d4851a1d" />
    <TestEntry testId="c67c2d4b-7295-acb2-2843-7caf1cc239c5" executionId="c845a724-2bc5-4278-818f-f855f5efafbf" testListId="8c84fa94-04c1-424b-9868-57a2d4851a1d" />
    <TestEntry testId="a7ed71c6-0f18-d14f-9f4d-c747cd7d536f" executionId="cffdae67-4b0c-4556-8594-b7d352608ac3" testListId="8c84fa94-04c1-424b-9868-57a2d4851a1d" />
    <TestEntry testId="8f43661a-2f7e-08e4-833e-67afae94b93b" executionId="57411f09-565f-46d9-be19-a4b8d60ef00f" testListId="8c84fa94-04c1-424b-9868-57a2d4851a1d" />
    <TestEntry testId="9677a9db-8fdd-c58a-87ff-3e0132b2a53b" executionId="5948f403-a343-4daf-803c-ff099eff0efa" testListId="8c84fa94-04c1-424b-9868-57a2d4851a1d" />
    <TestEntry testId="9455adeb-ca38-7e38-859b-22ce624e971e" executionId="92cf754d-b56e-4f69-aae0-12d4d4bd97d2" testListId="8c84fa94-04c1-424b-9868-57a2d4851a1d" />
    <TestEntry testId="3d94cd61-16b2-8aea-560b-3002be5e6e76" executionId="2ecbf996-a4fc-4056-9e45-dbd003a894be" testListId="8c84fa94-04c1-424b-9868-57a2d4851a1d" />
    <TestEntry testId="24c1b5a4-cbca-ae2b-9dbb-bb2dd79d08c5" executionId="11fe3386-c9de-4239-bc0d-ce2000fe204a" testListId="8c84fa94-04c1-424b-9868-57a2d4851a1d" />
    <TestEntry testId="4f956e67-517a-d2d4-071b-cfa40befaa20" executionId="8571bd8a-d1dc-400f-939f-4813e2476940" testListId="8c84fa94-04c1-424b-9868-57a2d4851a1d" />
    <TestEntry testId="dd929432-2c0f-74ec-e6d0-0271e6098c08" executionId="50776a1a-6c11-4933-b54f-7ab7e6cc7074" testListId="8c84fa94-04c1-424b-9868-57a2d4851a1d" />
    <TestEntry testId="4f37232a-4b82-eb1d-beca-c8fffa1316fa" executionId="eae626e9-8087-4386-bef8-dfd515a4bb7a" testListId="8c84fa94-04c1-424b-9868-57a2d4851a1d" />
    <TestEntry testId="15eaacd4-47cb-a9f5-e107-b73b71d0b702" executionId="70d98a24-7d59-4db3-91e6-e829692ada2f" testListId="8c84fa94-04c1-424b-9868-57a2d4851a1d" />
    <TestEntry testId="edc3b7b7-f6fb-67e0-c9f7-ac57a40a2a0e" executionId="3288e0bb-8943-47fe-918c-48cbf9e74840" testListId="8c84fa94-04c1-424b-9868-57a2d4851a1d" />
    <TestEntry testId="24fb06ac-1b9b-fd2f-d2f3-c1550fff086a" executionId="bd4ccd32-58e2-4a4e-9c0b-01a5eeffd199" testListId="8c84fa94-04c1-424b-9868-57a2d4851a1d" />
    <TestEntry testId="04f98afb-03ec-1e9e-fe8e-0403904d6e9b" executionId="8ceef087-4290-415a-83d4-50a30258a79b" testListId="8c84fa94-04c1-424b-9868-57a2d4851a1d" />
    <TestEntry testId="a1fad7b4-386a-bb7c-9418-3c5d6a54d9a8" executionId="1b6ae825-92b2-4fd7-a011-d1e347aa5c17" testListId="8c84fa94-04c1-424b-9868-57a2d4851a1d" />
    <TestEntry testId="75c6cb9e-1840-0a5e-65cf-7110d35fdc86" executionId="52858cf2-4a45-4fb7-ab69-2369c1b56072" testListId="8c84fa94-04c1-424b-9868-57a2d4851a1d" />
    <TestEntry testId="3cad5013-9b39-0253-5164-3a6ba456d3bd" executionId="f5700e91-7ce2-4626-879f-af6644c52d9c" testListId="8c84fa94-04c1-424b-9868-57a2d4851a1d" />
    <TestEntry testId="b609b02b-6e70-d1bb-1470-d9371b226621" executionId="2fca76ca-a0b6-4673-8eb6-b55c4cb21f71" testListId="8c84fa94-04c1-424b-9868-57a2d4851a1d" />
    <TestEntry testId="35ab5276-6cc2-bd81-1ccc-6a394be4c6dd" executionId="555edbf4-364e-4b65-96d4-96f01adff5da" testListId="8c84fa94-04c1-424b-9868-57a2d4851a1d" />
    <TestEntry testId="ef53446c-b072-8eae-4a78-6bedf3df0761" executionId="78188945-79b4-4c86-b2b7-808b3a5751e4" testListId="8c84fa94-04c1-424b-9868-57a2d4851a1d" />
    <TestEntry testId="34d8b066-9846-b30e-9cb1-09da1ddf8f02" executionId="3b75a182-74df-490e-9d33-a20d90aeab06" testListId="8c84fa94-04c1-424b-9868-57a2d4851a1d" />
    <TestEntry testId="2b9ab60e-e399-a1c6-4d06-064542745cb9" executionId="154e7f5e-89b1-4b1e-bdee-36f15443dedc" testListId="8c84fa94-04c1-424b-9868-57a2d4851a1d" />
    <TestEntry testId="b9132725-ad1e-9f2f-b6c6-a87e995ed1ba" executionId="09d3e9a2-2ba1-4214-9e93-5d5b0cab4546" testListId="8c84fa94-04c1-424b-9868-57a2d4851a1d" />
    <TestEntry testId="17355277-8a73-6b60-df20-adb3f05ad91f" executionId="d91bea31-4315-4cd7-8e26-707f5e6a0070" testListId="8c84fa94-04c1-424b-9868-57a2d4851a1d" />
    <TestEntry testId="d1fe8b94-2526-ff1f-35f7-ff9bd07e856f" executionId="2548420a-df61-4c8a-801c-e4457b7b7f6d" testListId="8c84fa94-04c1-424b-9868-57a2d4851a1d" />
    <TestEntry testId="7954faff-3860-4dea-e122-8c87587a44bc" executionId="f30980f9-3a26-460c-9214-aadfa6bb0a97" testListId="8c84fa94-04c1-424b-9868-57a2d4851a1d" />
    <TestEntry testId="157e8ff0-5523-d420-a21f-11bdd1048867" executionId="54a5816a-96ae-42b7-830e-50f7e80d15d5" testListId="8c84fa94-04c1-424b-9868-57a2d4851a1d" />
    <TestEntry testId="1293dc01-fda0-669a-26eb-9dc569561b0b" executionId="4b1aab83-0543-46cc-84f5-fd7838b19c3b" testListId="8c84fa94-04c1-424b-9868-57a2d4851a1d" />
    <TestEntry testId="9a5c04f3-c720-d047-7e8b-74dd71bf5f2a" executionId="27c06c30-cced-4d14-9b98-2e13e11a0959" testListId="8c84fa94-04c1-424b-9868-57a2d4851a1d" />
    <TestEntry testId="b5764c73-00de-e051-a5dc-c7b8b7836ec8" executionId="ef713aa5-be97-4a31-a070-1bef917c954e" testListId="8c84fa94-04c1-424b-9868-57a2d4851a1d" />
    <TestEntry testId="b30ae4bd-de30-2a38-ee92-7dfbe51eeb1d" executionId="10c57825-6891-4b7a-bd3d-c9a0b1e86a7b" testListId="8c84fa94-04c1-424b-9868-57a2d4851a1d" />
    <TestEntry testId="834df191-5ad4-b6ff-c895-4a8913465583" executionId="0dcdffe9-6754-48e5-8c8d-61a86751fa37" testListId="8c84fa94-04c1-424b-9868-57a2d4851a1d" />
    <TestEntry testId="38787669-44d1-879f-8e6f-153c59b25378" executionId="b614d8fb-355a-43ff-b9e3-a67068c64896" testListId="8c84fa94-04c1-424b-9868-57a2d4851a1d" />
    <TestEntry testId="48b1df19-1210-8b41-2047-1352a9288523" executionId="c7d24904-b954-4498-b3fb-4f1866dd64bf" testListId="8c84fa94-04c1-424b-9868-57a2d4851a1d" />
    <TestEntry testId="2de9a874-b1d3-72bc-f379-7a63160b41fb" executionId="bf9bef69-ac90-4272-911b-5b539dbe57b5" testListId="8c84fa94-04c1-424b-9868-57a2d4851a1d" />
  </TestEntries>
  <TestLists>
    <TestList name="Results Not in a List" id="8c84fa94-04c1-424b-9868-57a2d4851a1d" />
    <TestList name="All Loaded Results" id="19431567-8539-422a-85d7-44ee4e166bda" />
  </TestLists>
  <ResultSummary outcome="Completed">
    <Counters total="81" executed="81" passed="81" failed="0" error="0" timeout="0" aborted="0" inconclusive="0" passedButRunAborted="0" notRunnable="0" notExecuted="0" disconnected="0" warning="0" completed="0" inProgress="0" pending="0" />
    <Output>
      <StdOut>[xUnit.net 00:00:00.00] xUnit.net VSTest Adapter v2.5.3.1+6b60a9e56a (64-bit .NET 8.0.8)&#xD;
[xUnit.net 00:00:00.27]   Discovering: KartverketGruppe5.Tests&#xD;
[xUnit.net 00:00:00.43]   Discovered:  KartverketGruppe5.Tests&#xD;
[xUnit.net 00:00:00.44]   Starting:    KartverketGruppe5.Tests&#xD;
[xUnit.net 00:00:01.18]   Finished:    KartverketGruppe5.Tests&#xD;
</StdOut>
    </Output>
  </ResultSummary>
</TestRun>